                  _   _     _          ___     
                 (_) | |   (_)        |__ \    
     ___   _ __   _  | |_   _    ___     ) |   
    / __| | '__| | | | __| | |  / __|   / /    
   | (__  | |    | | | |_  | | | (__   / /_    
    \___| |_|    |_|  \__| |_|  \___| |____|   

* CRITIC2: analysis of real-space scalar fields in solids and molecules.
  (c) 1996-2019 A. Otero-de-la-Roza, A. Martin-Pendas, V. Lua~na
  Distributed under GNU GPL v.3 (see COPYING for details)
  Bugs, requests, and rants: aoterodelaroza@gmail.com 
  Website: https://aoterodelaroza.github.io/critic2/
  If you find this software useful, please cite:
  A. Otero-de-la-Roza et al., Comput. Phys. Commun. 185 (2014) 1007-1018. (10.1016/j.cpc.2013.10.026)
  A. Otero-de-la-Roza et al., Comput. Phys. Commun. 180 (2009) 157-166. (10.1016/j.cpc.2008.07.018)

+ critic2 (development), version 1.2.585
         host: Linux-6.8.0-65-generic
         date: Fri 22 Aug 2025 15:00:28
 compiled dat: /usr/local/share/critic2
      datadir: /usr/local/share/critic2
...was found?: T
       spglib: 1.13.0
     features: LAPACK(external) CINT
       openmp: yes (24 max threads)

CRITIC2--2025/9/26, 14:49:56.846

critic2:1> %% CRYSTAL MetalNbscf.in

* Crystal structure
  From: MetalNbscf.in
  Lattice parameters (bohr): 6.269417  6.269417  6.269417  
  Lattice parameters (ang): 3.317632  3.317632  3.317632  
  Lattice angles (degrees): 90.000  90.000  90.000  
  Empirical formula: Nb(1) 
  Number of non-equivalent atoms in the unit cell: 1
  Number of atoms in the unit cell: 2
  Number of atomic species: 1
  Number of electrons (with zero atomic charge): 82
  Molar mass (amu, per unit cell): 185.813
  Cell volume (bohr^3): 246.42310
  Cell volume (ang^3): 36.51614
  Density (g/cm^3): 8.44967
  Space group (H-M): Im-3m (229)

+ List of atomic species: 
# spc = atomic species. Z = atomic number. name = atomic name (symbol).
# Q = charge.
# spc  Z   name      Q    
   1  41    Nb     0.0000 

+ List of non-equivalent atoms in the unit cell (cryst. coords.): 
# at = complete list atomic ID. xyz = Cartesian coordinates. spc = atomic species.
# wyck = wyckoff position. name = atomic name (symbol). mult = multiplicity.
# Z = atomic number.
# nat       x              y              z        spc wyck  name   mult  Z  
   1   0.0000000000   0.0000000000   0.0000000000   1    2a   Nb     2   41  

+ List of atoms in the unit cell (cryst. coords.): 
# at = complete list atomic ID. xyz = Cartesian coordinates. spc = atomic species.
# name = atomic name (symbol). Z = atomic number. nat = non-equivalent atom id.
# mol = molecular fragment.
# at        x              y              z        spc  name    Z  nat mol 
   1   0.0000000000   0.0000000000   0.0000000000   1    Nb    41   1   1  
   2   0.5000000000   0.5000000000   0.5000000000   1    Nb    41   1   1  

+ Lattice vectors (bohr)
    a:    6.2694167151     0.0000000000     0.0000000000  
    b:    0.0000000000     6.2694167151     0.0000000000  
    c:    0.0000000000     0.0000000000     6.2694167151  

+ List of atoms in Cartesian coordinates (bohr): 
# at = complete list atomic ID. xyz = Cartesian coordinates. spc = atomic species.
# name = atomic name (symbol). Z = atomic number. dnn = nearest-neighbor distance.
# nat = non-equivalent atom id. mol = molecular fragment.
# at         x                y                z         spc  name    Z     dnn     nat mol 
   1     0.0000000000     0.0000000000     0.0000000000   1    Nb    41    5.4295    1   1  
   2     3.1347083576     3.1347083576     3.1347083576   1    Nb    41    5.4295    1   1  

+ List of symmetry operations (48):
  Operation 1:
     1.000000  0.000000  0.000000  0.000000 
     0.000000  1.000000  0.000000  0.000000 
     0.000000  0.000000  1.000000  0.000000 
  Operation 2:
    -1.000000  0.000000  0.000000  0.000000 
     0.000000 -1.000000  0.000000  0.000000 
     0.000000  0.000000 -1.000000  0.000000 
  Operation 3:
     0.000000 -1.000000  0.000000  0.000000 
     1.000000  0.000000  0.000000  0.000000 
     0.000000  0.000000  1.000000  0.000000 
  Operation 4:
     0.000000  1.000000  0.000000  0.000000 
    -1.000000  0.000000  0.000000  0.000000 
     0.000000  0.000000 -1.000000  0.000000 
  Operation 5:
    -1.000000  0.000000  0.000000  0.000000 
     0.000000 -1.000000  0.000000  0.000000 
     0.000000  0.000000  1.000000  0.000000 
  Operation 6:
     1.000000  0.000000  0.000000  0.000000 
     0.000000  1.000000  0.000000  0.000000 
     0.000000  0.000000 -1.000000  0.000000 
  Operation 7:
     0.000000  1.000000  0.000000  0.000000 
    -1.000000  0.000000  0.000000  0.000000 
     0.000000  0.000000  1.000000  0.000000 
  Operation 8:
     0.000000 -1.000000  0.000000  0.000000 
     1.000000  0.000000  0.000000  0.000000 
     0.000000  0.000000 -1.000000  0.000000 
  Operation 9:
     1.000000  0.000000  0.000000  0.000000 
     0.000000 -1.000000  0.000000  0.000000 
     0.000000  0.000000 -1.000000  0.000000 
  Operation 10:
    -1.000000  0.000000  0.000000  0.000000 
     0.000000  1.000000  0.000000  0.000000 
     0.000000  0.000000  1.000000  0.000000 
  Operation 11:
     0.000000 -1.000000  0.000000  0.000000 
    -1.000000  0.000000  0.000000  0.000000 
     0.000000  0.000000 -1.000000  0.000000 
  Operation 12:
     0.000000  1.000000  0.000000  0.000000 
     1.000000  0.000000  0.000000  0.000000 
     0.000000  0.000000  1.000000  0.000000 
  Operation 13:
    -1.000000  0.000000  0.000000  0.000000 
     0.000000  1.000000  0.000000  0.000000 
     0.000000  0.000000 -1.000000  0.000000 
  Operation 14:
     1.000000  0.000000  0.000000  0.000000 
     0.000000 -1.000000  0.000000  0.000000 
     0.000000  0.000000  1.000000  0.000000 
  Operation 15:
     0.000000  1.000000  0.000000  0.000000 
     1.000000  0.000000  0.000000  0.000000 
     0.000000  0.000000 -1.000000  0.000000 
  Operation 16:
     0.000000 -1.000000  0.000000  0.000000 
    -1.000000  0.000000  0.000000  0.000000 
     0.000000  0.000000  1.000000  0.000000 
  Operation 17:
     0.000000  0.000000  1.000000  0.000000 
     1.000000  0.000000  0.000000  0.000000 
     0.000000  1.000000  0.000000  0.000000 
  Operation 18:
     0.000000  0.000000 -1.000000  0.000000 
    -1.000000  0.000000  0.000000  0.000000 
     0.000000 -1.000000  0.000000  0.000000 
  Operation 19:
     0.000000  0.000000  1.000000  0.000000 
     0.000000 -1.000000  0.000000  0.000000 
     1.000000  0.000000  0.000000  0.000000 
  Operation 20:
     0.000000  0.000000 -1.000000  0.000000 
     0.000000  1.000000  0.000000  0.000000 
    -1.000000  0.000000  0.000000  0.000000 
  Operation 21:
     0.000000  0.000000  1.000000  0.000000 
    -1.000000  0.000000  0.000000  0.000000 
     0.000000 -1.000000  0.000000  0.000000 
  Operation 22:
     0.000000  0.000000 -1.000000  0.000000 
     1.000000  0.000000  0.000000  0.000000 
     0.000000  1.000000  0.000000  0.000000 
  Operation 23:
     0.000000  0.000000  1.000000  0.000000 
     0.000000  1.000000  0.000000  0.000000 
    -1.000000  0.000000  0.000000  0.000000 
  Operation 24:
     0.000000  0.000000 -1.000000  0.000000 
     0.000000 -1.000000  0.000000  0.000000 
     1.000000  0.000000  0.000000  0.000000 
  Operation 25:
     0.000000  0.000000 -1.000000  0.000000 
     1.000000  0.000000  0.000000  0.000000 
     0.000000 -1.000000  0.000000  0.000000 
  Operation 26:
     0.000000  0.000000  1.000000  0.000000 
    -1.000000  0.000000  0.000000  0.000000 
     0.000000  1.000000  0.000000  0.000000 
  Operation 27:
     0.000000  0.000000 -1.000000  0.000000 
     0.000000 -1.000000  0.000000  0.000000 
    -1.000000  0.000000  0.000000  0.000000 
  Operation 28:
     0.000000  0.000000  1.000000  0.000000 
     0.000000  1.000000  0.000000  0.000000 
     1.000000  0.000000  0.000000  0.000000 
  Operation 29:
     0.000000  0.000000 -1.000000  0.000000 
    -1.000000  0.000000  0.000000  0.000000 
     0.000000  1.000000  0.000000  0.000000 
  Operation 30:
     0.000000  0.000000  1.000000  0.000000 
     1.000000  0.000000  0.000000  0.000000 
     0.000000 -1.000000  0.000000  0.000000 
  Operation 31:
     0.000000  0.000000 -1.000000  0.000000 
     0.000000  1.000000  0.000000  0.000000 
     1.000000  0.000000  0.000000  0.000000 
  Operation 32:
     0.000000  0.000000  1.000000  0.000000 
     0.000000 -1.000000  0.000000  0.000000 
    -1.000000  0.000000  0.000000  0.000000 
  Operation 33:
     0.000000  1.000000  0.000000  0.000000 
     0.000000  0.000000  1.000000  0.000000 
     1.000000  0.000000  0.000000  0.000000 
  Operation 34:
     0.000000 -1.000000  0.000000  0.000000 
     0.000000  0.000000 -1.000000  0.000000 
    -1.000000  0.000000  0.000000  0.000000 
  Operation 35:
     1.000000  0.000000  0.000000  0.000000 
     0.000000  0.000000  1.000000  0.000000 
     0.000000 -1.000000  0.000000  0.000000 
  Operation 36:
    -1.000000  0.000000  0.000000  0.000000 
     0.000000  0.000000 -1.000000  0.000000 
     0.000000  1.000000  0.000000  0.000000 
  Operation 37:
     0.000000 -1.000000  0.000000  0.000000 
     0.000000  0.000000  1.000000  0.000000 
    -1.000000  0.000000  0.000000  0.000000 
  Operation 38:
     0.000000  1.000000  0.000000  0.000000 
     0.000000  0.000000 -1.000000  0.000000 
     1.000000  0.000000  0.000000  0.000000 
  Operation 39:
    -1.000000  0.000000  0.000000  0.000000 
     0.000000  0.000000  1.000000  0.000000 
     0.000000  1.000000  0.000000  0.000000 
  Operation 40:
     1.000000  0.000000  0.000000  0.000000 
     0.000000  0.000000 -1.000000  0.000000 
     0.000000 -1.000000  0.000000  0.000000 
  Operation 41:
     0.000000 -1.000000  0.000000  0.000000 
     0.000000  0.000000 -1.000000  0.000000 
     1.000000  0.000000  0.000000  0.000000 
  Operation 42:
     0.000000  1.000000  0.000000  0.000000 
     0.000000  0.000000  1.000000  0.000000 
    -1.000000  0.000000  0.000000  0.000000 
  Operation 43:
    -1.000000  0.000000  0.000000  0.000000 
     0.000000  0.000000 -1.000000  0.000000 
     0.000000 -1.000000  0.000000  0.000000 
  Operation 44:
     1.000000  0.000000  0.000000  0.000000 
     0.000000  0.000000  1.000000  0.000000 
     0.000000  1.000000  0.000000  0.000000 
  Operation 45:
     0.000000  1.000000  0.000000  0.000000 
     0.000000  0.000000 -1.000000  0.000000 
    -1.000000  0.000000  0.000000  0.000000 
  Operation 46:
     0.000000 -1.000000  0.000000  0.000000 
     0.000000  0.000000  1.000000  0.000000 
     1.000000  0.000000  0.000000  0.000000 
  Operation 47:
     1.000000  0.000000  0.000000  0.000000 
     0.000000  0.000000 -1.000000  0.000000 
     0.000000  1.000000  0.000000  0.000000 
  Operation 48:
    -1.000000  0.000000  0.000000  0.000000 
     0.000000  0.000000  1.000000  0.000000 
     0.000000 -1.000000  0.000000  0.000000 

+ List of symmetry operations in crystallographic notation:
# number: operation ... ## order of rotation [axis]; [axis in Cartesian]
     1: x,y,z                          ##  1
     2: -x,-y,-z                       ## -1
     3: -y,x,z                         ##  4 [0,0,1]; [0.000,0.000,1.000]
     4: y,-x,-z                        ## -4 [0,0,1]; [0.000,0.000,1.000]
     5: -x,-y,z                        ##  2 [0,0,1]; [0.000,0.000,1.000]
     6: x,y,-z                         ## -1 [0,0,1]; [0.000,0.000,1.000]
     7: y,-x,z                         ##  4 [0,0,1]; [0.000,0.000,1.000]
     8: -y,x,-z                        ## -4 [0,0,1]; [0.000,0.000,1.000]
     9: x,-y,-z                        ##  2 [1,0,0]; [1.000,0.000,0.000]
    10: -x,y,z                         ## -1 [1,0,0]; [1.000,0.000,0.000]
    11: -y,-x,-z                       ##  2 [1,-1,0]; [0.707,-0.707,0.000]
    12: y,x,z                          ## -1 [-1,1,0]; [-0.707,0.707,0.000]
    13: -x,y,-z                        ##  2 [0,1,0]; [0.000,1.000,0.000]
    14: x,-y,z                         ## -1 [0,1,0]; [0.000,1.000,0.000]
    15: y,x,-z                         ##  2 [1,1,0]; [0.707,0.707,0.000]
    16: -y,-x,z                        ## -1 [1,1,0]; [0.707,0.707,0.000]
    17: z,x,y                          ##  3 [-1,-1,-1]; [-0.577,-0.577,-0.577]
    18: -z,-x,-y                       ## -6 [-1,-1,-1]; [-0.577,-0.577,-0.577]
    19: z,-y,x                         ##  2 [1,0,1]; [0.707,0.000,0.707]
    20: -z,y,-x                        ## -1 [1,0,1]; [0.707,0.000,0.707]
    21: z,-x,-y                        ##  3 [1,-1,1]; [0.577,-0.577,0.577]
    22: -z,x,y                         ## -6 [-1,1,-1]; [-0.577,0.577,-0.577]
    23: z,y,-x                         ##  4 [0,1,0]; [0.000,1.000,0.000]
    24: -z,-y,x                        ## -4 [0,1,0]; [0.000,1.000,0.000]
    25: -z,x,-y                        ##  3 [1,1,-1]; [0.577,0.577,-0.577]
    26: z,-x,y                         ## -6 [-1,-1,1]; [-0.577,-0.577,0.577]
    27: -z,-y,-x                       ##  2 [1,0,-1]; [0.707,0.000,-0.707]
    28: z,y,x                          ## -1 [-1,0,1]; [-0.707,0.000,0.707]
    29: -z,-x,y                        ##  3 [-1,1,1]; [-0.577,0.577,0.577]
    30: z,x,-y                         ## -6 [-1,1,1]; [-0.577,0.577,0.577]
    31: -z,y,x                         ##  4 [0,1,0]; [0.000,1.000,0.000]
    32: z,-y,-x                        ## -4 [0,1,0]; [0.000,1.000,0.000]
    33: y,z,x                          ##  3 [-1,-1,-1]; [-0.577,-0.577,-0.577]
    34: -y,-z,-x                       ## -6 [-1,-1,-1]; [-0.577,-0.577,-0.577]
    35: x,z,-y                         ##  4 [1,0,0]; [1.000,0.000,0.000]
    36: -x,-z,y                        ## -4 [1,0,0]; [1.000,0.000,0.000]
    37: -y,z,-x                        ##  3 [-1,1,1]; [-0.577,0.577,0.577]
    38: y,-z,x                         ## -6 [-1,1,1]; [-0.577,0.577,0.577]
    39: -x,z,y                         ##  2 [0,1,1]; [0.000,0.707,0.707]
    40: x,-z,-y                        ## -1 [0,1,1]; [0.000,0.707,0.707]
    41: -y,-z,x                        ##  3 [1,-1,1]; [0.577,-0.577,0.577]
    42: y,z,-x                         ## -6 [-1,1,-1]; [-0.577,0.577,-0.577]
    43: -x,-z,-y                       ##  2 [0,-1,1]; [0.000,-0.707,0.707]
    44: x,z,y                          ## -1 [0,1,-1]; [0.000,0.707,-0.707]
    45: y,-z,-x                        ##  3 [1,1,-1]; [0.577,0.577,-0.577]
    46: -y,z,x                         ## -6 [-1,-1,1]; [-0.577,-0.577,0.577]
    47: x,-z,y                         ##  4 [1,0,0]; [1.000,0.000,0.000]
    48: -x,z,-y                        ## -4 [1,0,0]; [1.000,0.000,0.000]
    49: -1/2+x,-1/2+y,-1/2+z           ##  1
    50: -1/2-x,-1/2-y,-1/2-z           ## -1
    51: -1/2-y,-1/2+x,-1/2+z           ##  4 [0,0,1]; [0.000,0.000,1.000]
    52: -1/2+y,-1/2-x,-1/2-z           ## -4 [0,0,1]; [0.000,0.000,1.000]
    53: -1/2-x,-1/2-y,-1/2+z           ##  2 [0,0,1]; [0.000,0.000,1.000]
    54: -1/2+x,-1/2+y,-1/2-z           ## -1 [0,0,1]; [0.000,0.000,1.000]
    55: -1/2+y,-1/2-x,-1/2+z           ##  4 [0,0,1]; [0.000,0.000,1.000]
    56: -1/2-y,-1/2+x,-1/2-z           ## -4 [0,0,1]; [0.000,0.000,1.000]
    57: -1/2+x,-1/2-y,-1/2-z           ##  2 [1,0,0]; [1.000,0.000,0.000]
    58: -1/2-x,-1/2+y,-1/2+z           ## -1 [1,0,0]; [1.000,0.000,0.000]
    59: -1/2-y,-1/2-x,-1/2-z           ##  2 [1,-1,0]; [0.707,-0.707,0.000]
    60: -1/2+y,-1/2+x,-1/2+z           ## -1 [-1,1,0]; [-0.707,0.707,0.000]
    61: -1/2-x,-1/2+y,-1/2-z           ##  2 [0,1,0]; [0.000,1.000,0.000]
    62: -1/2+x,-1/2-y,-1/2+z           ## -1 [0,1,0]; [0.000,1.000,0.000]
    63: -1/2+y,-1/2+x,-1/2-z           ##  2 [1,1,0]; [0.707,0.707,0.000]
    64: -1/2-y,-1/2-x,-1/2+z           ## -1 [1,1,0]; [0.707,0.707,0.000]
    65: -1/2+z,-1/2+x,-1/2+y           ##  3 [-1,-1,-1]; [-0.577,-0.577,-0.577]
    66: -1/2-z,-1/2-x,-1/2-y           ## -6 [-1,-1,-1]; [-0.577,-0.577,-0.577]
    67: -1/2+z,-1/2-y,-1/2+x           ##  2 [1,0,1]; [0.707,0.000,0.707]
    68: -1/2-z,-1/2+y,-1/2-x           ## -1 [1,0,1]; [0.707,0.000,0.707]
    69: -1/2+z,-1/2-x,-1/2-y           ##  3 [1,-1,1]; [0.577,-0.577,0.577]
    70: -1/2-z,-1/2+x,-1/2+y           ## -6 [-1,1,-1]; [-0.577,0.577,-0.577]
    71: -1/2+z,-1/2+y,-1/2-x           ##  4 [0,1,0]; [0.000,1.000,0.000]
    72: -1/2-z,-1/2-y,-1/2+x           ## -4 [0,1,0]; [0.000,1.000,0.000]
    73: -1/2-z,-1/2+x,-1/2-y           ##  3 [1,1,-1]; [0.577,0.577,-0.577]
    74: -1/2+z,-1/2-x,-1/2+y           ## -6 [-1,-1,1]; [-0.577,-0.577,0.577]
    75: -1/2-z,-1/2-y,-1/2-x           ##  2 [1,0,-1]; [0.707,0.000,-0.707]
    76: -1/2+z,-1/2+y,-1/2+x           ## -1 [-1,0,1]; [-0.707,0.000,0.707]
    77: -1/2-z,-1/2-x,-1/2+y           ##  3 [-1,1,1]; [-0.577,0.577,0.577]
    78: -1/2+z,-1/2+x,-1/2-y           ## -6 [-1,1,1]; [-0.577,0.577,0.577]
    79: -1/2-z,-1/2+y,-1/2+x           ##  4 [0,1,0]; [0.000,1.000,0.000]
    80: -1/2+z,-1/2-y,-1/2-x           ## -4 [0,1,0]; [0.000,1.000,0.000]
    81: -1/2+y,-1/2+z,-1/2+x           ##  3 [-1,-1,-1]; [-0.577,-0.577,-0.577]
    82: -1/2-y,-1/2-z,-1/2-x           ## -6 [-1,-1,-1]; [-0.577,-0.577,-0.577]
    83: -1/2+x,-1/2+z,-1/2-y           ##  4 [1,0,0]; [1.000,0.000,0.000]
    84: -1/2-x,-1/2-z,-1/2+y           ## -4 [1,0,0]; [1.000,0.000,0.000]
    85: -1/2-y,-1/2+z,-1/2-x           ##  3 [-1,1,1]; [-0.577,0.577,0.577]
    86: -1/2+y,-1/2-z,-1/2+x           ## -6 [-1,1,1]; [-0.577,0.577,0.577]
    87: -1/2-x,-1/2+z,-1/2+y           ##  2 [0,1,1]; [0.000,0.707,0.707]
    88: -1/2+x,-1/2-z,-1/2-y           ## -1 [0,1,1]; [0.000,0.707,0.707]
    89: -1/2-y,-1/2-z,-1/2+x           ##  3 [1,-1,1]; [0.577,-0.577,0.577]
    90: -1/2+y,-1/2+z,-1/2-x           ## -6 [-1,1,-1]; [-0.577,0.577,-0.577]
    91: -1/2-x,-1/2-z,-1/2-y           ##  2 [0,-1,1]; [0.000,-0.707,0.707]
    92: -1/2+x,-1/2+z,-1/2+y           ## -1 [0,1,-1]; [0.000,0.707,-0.707]
    93: -1/2+y,-1/2-z,-1/2-x           ##  3 [1,1,-1]; [0.577,0.577,-0.577]
    94: -1/2-y,-1/2+z,-1/2+x           ## -6 [-1,-1,1]; [-0.577,-0.577,0.577]
    95: -1/2+x,-1/2-z,-1/2+y           ##  4 [1,0,0]; [1.000,0.000,0.000]
    96: -1/2-x,-1/2+z,-1/2-y           ## -4 [1,0,0]; [1.000,0.000,0.000]

+ List of centering vectors (2):
  Vector 1: 0.000000  0.000000  0.000000  
  Vector 2: 0.500000  0.500000  0.500000  

+ Crystal symmetry information
  Space group (Hermann-Mauguin): Im-3m (number 229)
  Point group (Hermann-Mauguin): m-3m
  Point group (Schoenflies): Oh
  Holohedry: cubic
  Laue class: m-3m

+ Cartesian/crystallographic coordinate transformation matrices:
  A = car to crys (xcrys = A * xcar, bohr^-1)
       0.1595044715     0.0000000000    -0.0000000000  
       0.0000000000     0.1595044715    -0.0000000000  
       0.0000000000     0.0000000000     0.1595044715  
  B = crys to car (xcar = B * xcrys, bohr)
       6.2694167151     0.0000000000     0.0000000000  
       0.0000000000     6.2694167151     0.0000000000  
       0.0000000000     0.0000000000     6.2694167151  
  G = metric tensor (B'*B, bohr^2)
      39.3055859480     0.0000000000     0.0000000000  
       0.0000000000    39.3055859480     0.0000000000  
       0.0000000000     0.0000000000    39.3055859480  

+ List of fragments in the system (1)
# Id = fragment ID. nat = number of atoms in fragment. C-o-m = center of mass (bohr).
# Discrete = is this fragment finite?
# Id  nat           Center of mass            Discrete
  1    2      0.250000    0.250000    0.250000   No   

+ This is a 3D periodic structure.

+ Vertex of the WS cell in cryst. coords. (8)
# id = vertex ID. xyz = vertex cryst. coords. d = vertex distance to origin (bohr).
   id       x            y            z          d (bohr)   
    1    0.500000     0.500000     0.500000     5.42947414  
    2    0.500000     0.500000    -0.500000     5.42947414  
    3    0.500000    -0.500000     0.500000     5.42947414  
    4   -0.500000     0.500000     0.500000     5.42947414  
    5   -0.500000     0.500000    -0.500000     5.42947414  
    6    0.500000    -0.500000    -0.500000     5.42947414  
    7   -0.500000    -0.500000    -0.500000     5.42947414  
    8   -0.500000    -0.500000     0.500000     5.42947414  

+ Faces of the WS cell (6)
# Face ID: vertexID1 vertexID2 ...
   1: 1  3  8  4  
   2: 5  2  1  4  
   3: 6  2  1  3  
   4: 4  8  7  5  
   5: 7  6  3  8  
   6: 2  5  7  6  

+ Lattice vectors for the Wigner-Seitz neighbors
# FaceID: Voronoi lattice vector (cryst. coords.)
   1:  0  0  1 
   2:  0  1  0 
   3:  1  0  0 
   4: -1  0  0 
   5:  0 -1  0 
   6:  0  0 -1 

+ Lattice vectors for the Delaunay reduced cell (cryst. coords.)
  a:  1  0  0 
  b:  0  1  0 
  c:  0  0  1 
  Delaunay reduced cell lengths: 6.269417 6.269417 6.269417 
  Delaunay reduced cell angles: 90.000 90.000 90.000 

+ Is the cell orthogonal? T
+ Is the reduced cell orthogonal? T

* List of scalar fields
+ Field number 0
  Name: <promolecular>
  Source: <generated>
  Type: promolecular
  Use core densities? F
  Numerical derivatives? F
  Nuclear CP signature: -3
  Number of non-equivalent critical points: 1
  Number of critical points in the unit cell: 2
  Alias for this field (2): $0, $rho0
  This is the REFERENCE field.

* List of integrable properties (3)
#  Id  Type  Field  Name  
    1   v        0  Volume    
    2  fval      0  Pop    
    3  lval      0  Lap    

* List of additional properties at critical points (0)

* List of core and pseudopotential charges for each field
# id  type   core?  ZPSP
  0  promol   no   

critic2:2> %% LOAD MetalNbecd.cube id rho

+ Field number 1
  Name: MetalNbecd.cube
  Source: MetalNbecd.cube
  Type: grid
  Grid dimensions : 40  40  40  
  Max. length Voronoi-relevant vector (bohr):  0.15674  
  First elements... 8.245800000000E-01  7.050400000000E-01  4.693800000000E-01  
  Last elements... 3.807200000000E-01  3.946600000000E-01  5.297400000000E-01  
  Sum of elements... 6.752613855001E+03
  Sum of squares of elements... 2.239900683080E+03
  Cell integral (1) = 26.00000035
  Min: 3.09800000E-02
  Average: 1.05509591E-01
  Max: 8.24590000E-01
  Interpolation mode (1=nearest,2=linear,3=spline,4=tricubic,5=smoothrho): 4
  Use core densities? F
  Numerical derivatives? F
  Nuclear CP signature: -3
  Number of non-equivalent critical points: 1
  Number of critical points in the unit cell: 2
  Alias for this field (2): $1, $rho

* Field number 1 is now REFERENCE.

critic2:3> %% LOAD MetalNbelf.cube id elf

+ Field number 2
  Name: MetalNbelf.cube
  Source: MetalNbelf.cube
  Type: grid
  Grid dimensions : 40  40  40  
  Max. length Voronoi-relevant vector (bohr):  0.15674  
  First elements... 1.063500000000E-01  8.521500000000E-02  3.938200000000E-02  
  Last elements... 4.203500000000E-02  2.626100000000E-02  5.134100000000E-02  
  Sum of elements... 2.299599441000E+04
  Sum of squares of elements... 9.893313487031E+03
  Cell integral (2) = 88.54287771
  Min: 2.43720000E-02
  Average: 3.59312413E-01
  Max: 7.76710000E-01
  Interpolation mode (1=nearest,2=linear,3=spline,4=tricubic,5=smoothrho): 4
  Use core densities? F
  Numerical derivatives? F
  Nuclear CP signature: -3
  Number of non-equivalent critical points: 1
  Number of critical points in the unit cell: 2
  Alias for this field (2): $2, $elf

critic2:4> %% reference elf

* Field number 2 is now REFERENCE.

* List of integrable properties (3)
#  Id  Type  Field  Name  
    1   v        0  Volume    
    2  fval      2  Pop    
    3  lval      2  Lap    

* Summary of critical points for the reference field
  Non-equivalent critical points = 1
  Cell critical points = 2
  Topological class (n|b|r|c): 1(2) 0(0) 0(0) 0(0) 
  Morse sum: 2

critic2:5> %% integrable rho

* List of integrable properties (4)
#  Id  Type  Field  Name  
    1   v        0  Volume    
    2  fval      2  Pop    
    3  lval      2  Lap    
    4   f        1  $rho    

critic2:6> %% yt nnm discard "$elf <0.1"

* Yu-Trinkle integration 
  Please cite: 
  Min Yu, Dallas Trinkle, J. Chem. Phys. 134 (2011) 064111. (10.1063/1.3553716)
+ Distance for atomic assignment (bohr): 1.0000E+00
+ Discard attractor expression: $elf <0.1
+ Attractors in YT: 62
+ Attractors after reordering: 62

+ Integrating atomic properties

+ Integrated property (number 1): Volume
+ Integrated property (number 2): Pop
+ Integrated property (number 3): Lap
+ Integrated property (number 4): $rho

* List of properties integrated in the attractor basins
+ The "Label" entries will be used to identify the integrable property
  in the tables of integrated atomic properties. The entries with
  an "x" will not be integrated.
# id    Label      fid  Field       Additional
  1       Volume    -- Volume        
  2        Pop       2 Field (v)     
  3        Lap       2 Laplcn (v)    
  4        $rho      1 Field         

* Key for the interpretation of table headings
# Id = attractor identifier
# cp/at = critical point/atom from the complete CP/atom list
# (lvec) = lattice translation from CP/atom to the main cell's representative
# ncp/nat = critical point/atom from the non-equivalent CP/atom list
# Name = atomic name
# Z = atomic number
# Position = attractor position
# Mol = molecule identifier (see corresponding table above)
# Volume = volume of the reference field basins.
# Pop (population) = the reference field integrated in its own basins.
# Lap = Laplacian of the reference field integrated in the reference field basins.
# $xxx = field xxx integrated in the basins of the reference field.

* List of attractors integrated
# Id   cp   ncp   Name  Z   mult           Position (cryst.) 
  1    1    1      Nb   41  --    0.0000000    0.0000000    0.0000000  
  2    2    1      Nb   41  --    0.5000000    0.5000000    0.5000000  
  3     --   --    ??   --  --    0.6250000    0.6000000    0.4000000  
  4     --   --    ??   --  --    0.9000000    0.9000000    0.8750000  
  5     --   --    ??   --  --    0.4000000    0.6250000    0.4000000  
  6     --   --    ??   --  --    0.6000000    0.6000000    0.6250000  
  7     --   --    ??   --  --    0.1250000    0.1000000    0.9000000  
  8     --   --    ??   --  --    0.8750000    0.1000000    0.9000000  
  9     --   --    ??   --  --    0.9000000    0.8750000    0.1000000  
  10    --   --    ??   --  --    0.1250000    0.9000000    0.1000000  
  11    --   --    ??   --  --    0.1000000    0.1000000    0.1250000  
  12    --   --    ??   --  --    0.4000000    0.3750000    0.6000000  
  13    --   --    ??   --  --    0.1000000    0.9000000    0.8750000  
  14    --   --    ??   --  --    0.4000000    0.4000000    0.3750000  
  15    --   --    ??   --  --    0.6000000    0.4000000    0.3750000  
  16    --   --    ??   --  --    0.9000000    0.1000000    0.1250000  
  17    --   --    ??   --  --    0.3750000    0.6000000    0.6000000  
  18    --   --    ??   --  --    0.6250000    0.4000000    0.6000000  
  19    --   --    ??   --  --    0.2500000    0.5000000    0.0000000  
  20    --   --    ??   --  --    0.0000000    0.5000000    0.7500000  
  21    --   --    ??   --  --    0.0000000    0.7500000    0.5000000  
  22    --   --    ??   --  --    0.2500000    0.0000000    0.5000000  
  23    --   --    ??   --  --    0.5000000    0.2500000    0.0000000  
  24    --   --    ??   --  --    0.7500000    0.0000000    0.5000000  
  25    --   --    ??   --  --    0.7500000    0.5000000    0.0000000  
  26    --   --    ??   --  --    0.0000000    0.2500000    0.5000000  
  27    --   --    ??   --  --    0.5000000    0.7500000    0.0000000  
  28    --   --    ??   --  --    0.0000000    0.5000000    0.2500000  
  29    --   --    ??   --  --    0.5000000    0.0000000    0.2500000  
  30    --   --    ??   --  --    0.5000000    0.0000000    0.7500000  
  31    --   --    ??   --  --    0.6250000    0.0000000    0.6250000  
  32    --   --    ??   --  --    0.0000000    0.6250000    0.6250000  
  33    --   --    ??   --  --    0.0000000    0.6250000    0.3750000  
  34    --   --    ??   --  --    0.8750000    0.5000000    0.1250000  
  35    --   --    ??   --  --    0.3750000    0.3750000    0.0000000  
  36    --   --    ??   --  --    0.1250000    0.5000000    0.8750000  
  37    --   --    ??   --  --    0.3750000    0.0000000    0.3750000  
  38    --   --    ??   --  --    0.1250000    0.8750000    0.5000000  
  39    --   --    ??   --  --    0.6250000    0.6250000    0.0000000  
  40    --   --    ??   --  --    0.6250000    0.3750000    0.0000000  
  41    --   --    ??   --  --    0.5000000    0.8750000    0.1250000  
  42    --   --    ??   --  --    0.3750000    0.0000000    0.6250000  
  43    --   --    ??   --  --    0.5000000    0.8750000    0.8750000  
  44    --   --    ??   --  --    0.8750000    0.5000000    0.8750000  
  45    --   --    ??   --  --    0.3750000    0.6250000    0.0000000  
  46    --   --    ??   --  --    0.5000000    0.1250000    0.1250000  
  47    --   --    ??   --  --    0.0000000    0.3750000    0.6250000  
  48    --   --    ??   --  --    0.6250000    0.0000000    0.3750000  
  49    --   --    ??   --  --    0.0000000    0.3750000    0.3750000  
  50    --   --    ??   --  --    0.8750000    0.1250000    0.5000000  
  51    --   --    ??   --  --    0.5000000    0.1250000    0.8750000  
  52    --   --    ??   --  --    0.1250000    0.1250000    0.5000000  
  53    --   --    ??   --  --    0.8750000    0.8750000    0.5000000  
  54    --   --    ??   --  --    0.1250000    0.5000000    0.1250000  
  55    --   --    ??   --  --    0.7500000    0.2500000    0.2500000  
  56    --   --    ??   --  --    0.2500000    0.2500000    0.2500000  
  57    --   --    ??   --  --    0.7500000    0.2500000    0.7500000  
  58    --   --    ??   --  --    0.7500000    0.7500000    0.2500000  
  59    --   --    ??   --  --    0.2500000    0.2500000    0.7500000  
  60    --   --    ??   --  --    0.2500000    0.7500000    0.2500000  
  61    --   --    ??   --  --    0.2500000    0.7500000    0.7500000  
  62    --   --    ??   --  --    0.7500000    0.7500000    0.7500000  

* Integrated atomic properties
# (See key above for interpretation of column headings.)
# Integrable properties 1 to 4
# Id   cp   ncp   Name  Z   mult     Volume            Pop             Lap            $rho       
  1    1    1      Nb   41  --   2.84108918E-01  1.25109419E-02 -1.02855514E-01  1.39229186E-01 
  2    2    1      Nb   41  --   2.84114047E-01  1.25115290E-02 -1.02846185E-01  1.39232212E-01 
  3     --   --    ??   --  --   7.88046226E+00  3.28848398E+00  3.96266801E-03  1.68406002E+00 
  4     --   --    ??   --  --   7.87934606E+00  3.28799553E+00  3.96989130E-03  1.68381731E+00 
  5     --   --    ??   --  --   6.72961072E+00  2.81412300E+00  4.01820027E-03  1.45380884E+00 
  6     --   --    ??   --  --   6.72961072E+00  2.81412300E+00  4.01820027E-03  1.45380884E+00 
  7     --   --    ??   --  --   7.87934606E+00  3.28799553E+00  3.96989130E-03  1.68381731E+00 
  8     --   --    ??   --  --   5.57871503E+00  2.33971947E+00  4.08234377E-03  1.22352608E+00 
  9     --   --    ??   --  --   6.72903055E+00  2.81385750E+00  4.02611754E-03  1.45367170E+00 
  10    --   --    ??   --  --   6.72903055E+00  2.81385750E+00  4.02611754E-03  1.45367170E+00 
  11    --   --    ??   --  --   4.76946313E+00  2.00364014E+00  3.28025494E-03  1.05298887E+00 
  12    --   --    ??   --  --   7.88046226E+00  3.28848398E+00  3.96266801E-03  1.68406002E+00 
  13    --   --    ??   --  --   2.80989572E+00  1.19342279E+00  2.53439234E-03  6.52306043E-01 
  14    --   --    ??   --  --   5.57875918E+00  2.33976203E+00  4.07373253E-03  1.22355766E+00 
  15    --   --    ??   --  --   3.95920648E+00  1.66717288E+00  2.47522128E-03  8.82280363E-01 
  16    --   --    ??   --  --   3.61914762E+00  1.52950211E+00  3.33648117E-03  8.22843254E-01 
  17    --   --    ??   --  --   3.61813128E+00  1.52910648E+00  3.33000916E-03  8.22667833E-01 
  18    --   --    ??   --  --   3.61813128E+00  1.52910648E+00  3.33000916E-03  8.22667833E-01 
  19    --   --    ??   --  --   1.23157372E+01  4.00253757E+00  1.31363448E-02  4.53646163E-01 
  20    --   --    ??   --  --   1.23157372E+01  4.00253757E+00  1.31363448E-02  4.53646163E-01 
  21    --   --    ??   --  --   1.23157372E+01  4.00253757E+00  1.31363448E-02  4.53646163E-01 
  22    --   --    ??   --  --   1.23157372E+01  4.00253757E+00  1.31363448E-02  4.53646163E-01 
  23    --   --    ??   --  --   1.23157372E+01  4.00253757E+00  1.31363448E-02  4.53646163E-01 
  24    --   --    ??   --  --   1.23157372E+01  4.00253757E+00  1.31363448E-02  4.53646163E-01 
  25    --   --    ??   --  --   1.23157372E+01  4.00253757E+00  1.31363448E-02  4.53646163E-01 
  26    --   --    ??   --  --   1.23157372E+01  4.00253757E+00  1.31363448E-02  4.53646163E-01 
  27    --   --    ??   --  --   1.23157372E+01  4.00253757E+00  1.31363448E-02  4.53646163E-01 
  28    --   --    ??   --  --   1.23157372E+01  4.00253757E+00  1.31363448E-02  4.53646163E-01 
  29    --   --    ??   --  --   1.23157372E+01  4.00253757E+00  1.31363448E-02  4.53646163E-01 
  30    --   --    ??   --  --   1.23157372E+01  4.00253757E+00  1.31363448E-02  4.53646163E-01 
  31    --   --    ??   --  --   2.47427048E-01  7.98282000E-02 -3.45522294E-04  9.09439312E-03 
  32    --   --    ??   --  --   2.47427048E-01  7.98282000E-02 -3.45522294E-04  9.09439312E-03 
  33    --   --    ??   --  --   2.47427048E-01  7.98282000E-02 -3.45522294E-04  9.09439312E-03 
  34    --   --    ??   --  --   2.47293516E-01  7.97883680E-02 -3.41711308E-04  9.08905809E-03 
  35    --   --    ??   --  --   2.47427048E-01  7.98282000E-02 -3.45522294E-04  9.09439312E-03 
  36    --   --    ??   --  --   2.47293516E-01  7.97883680E-02 -3.41711308E-04  9.08905809E-03 
  37    --   --    ??   --  --   2.47427048E-01  7.98282000E-02 -3.45522294E-04  9.09439312E-03 
  38    --   --    ??   --  --   2.47293516E-01  7.97883680E-02 -3.41711308E-04  9.08905809E-03 
  39    --   --    ??   --  --   2.47427048E-01  7.98282000E-02 -3.45522294E-04  9.09439312E-03 
  40    --   --    ??   --  --   2.47427048E-01  7.98282000E-02 -3.45522294E-04  9.09439312E-03 
  41    --   --    ??   --  --   2.47293516E-01  7.97883680E-02 -3.41711308E-04  9.08905809E-03 
  42    --   --    ??   --  --   2.47427048E-01  7.98282000E-02 -3.45522294E-04  9.09439312E-03 
  43    --   --    ??   --  --   2.47293516E-01  7.97883680E-02 -3.41711308E-04  9.08905809E-03 
  44    --   --    ??   --  --   2.47293516E-01  7.97883680E-02 -3.41711308E-04  9.08905809E-03 
  45    --   --    ??   --  --   2.47427048E-01  7.98282000E-02 -3.45522294E-04  9.09439312E-03 
  46    --   --    ??   --  --   2.47293516E-01  7.97883680E-02 -3.41711308E-04  9.08905809E-03 
  47    --   --    ??   --  --   2.47427048E-01  7.98282000E-02 -3.45522294E-04  9.09439312E-03 
  48    --   --    ??   --  --   2.47427048E-01  7.98282000E-02 -3.45522294E-04  9.09439312E-03 
  49    --   --    ??   --  --   2.47427048E-01  7.98282000E-02 -3.45522294E-04  9.09439312E-03 
  50    --   --    ??   --  --   2.47293516E-01  7.97883680E-02 -3.41711308E-04  9.08905809E-03 
  51    --   --    ??   --  --   2.47293516E-01  7.97883680E-02 -3.41711308E-04  9.08905809E-03 
  52    --   --    ??   --  --   2.47293516E-01  7.97883680E-02 -3.41711308E-04  9.08905809E-03 
  53    --   --    ??   --  --   2.47293516E-01  7.97883680E-02 -3.41711308E-04  9.08905809E-03 
  54    --   --    ??   --  --   2.47293516E-01  7.97883680E-02 -3.41711308E-04  9.08905809E-03 
  55    --   --    ??   --  --   1.76291072E-02  3.95665038E-03 -2.60479266E-04  7.53740077E-04 
  56    --   --    ??   --  --   1.76291072E-02  3.95665038E-03 -2.60479266E-04  7.53740077E-04 
  57    --   --    ??   --  --   1.76291072E-02  3.95665038E-03 -2.60479266E-04  7.53740077E-04 
  58    --   --    ??   --  --   1.76291072E-02  3.95665038E-03 -2.60479266E-04  7.53740077E-04 
  59    --   --    ??   --  --   1.76291072E-02  3.95665038E-03 -2.60479266E-04  7.53740077E-04 
  60    --   --    ??   --  --   1.76291072E-02  3.95665038E-03 -2.60479266E-04  7.53740077E-04 
  61    --   --    ??   --  --   1.76291072E-02  3.95665038E-03 -2.60479266E-04  7.53740077E-04 
  62    --   --    ??   --  --   1.76291072E-02  3.95665038E-03 -2.60479266E-04  7.53740077E-04 
------------------------------------------------------------------------------------------------
  Sum                            2.46423098E+02  8.85428777E+01 -2.02991378E-14  2.60000004E+01 

critic2:7> %% cpreport MetalNbelfbasins.cml

* WRITE cml file: MetalNbelfbasins.cml

critic2:8> 
CRITIC2 ended successfully (0 WARNINGS, 0 COMMENTS)

Elapsed wall time: 0s
Elapsed CPU time: 0s
CRITIC2--2025/9/26, 14:49:56.972
