                  _   _     _          ___     
                 (_) | |   (_)        |__ \    
     ___   _ __   _  | |_   _    ___     ) |   
    / __| | '__| | | | __| | |  / __|   / /    
   | (__  | |    | | | |_  | | | (__   / /_    
    \___| |_|    |_|  \__| |_|  \___| |____|   

* CRITIC2: analysis of real-space scalar fields in solids and molecules.
  (c) 1996-2019 A. Otero-de-la-Roza, A. Martin-Pendas, V. Lua~na
  Distributed under GNU GPL v.3 (see COPYING for details)
  Bugs, requests, and rants: aoterodelaroza@gmail.com 
  Website: https://aoterodelaroza.github.io/critic2/
  If you find this software useful, please cite:
  A. Otero-de-la-Roza et al., Comput. Phys. Commun. 185 (2014) 1007-1018. (10.1016/j.cpc.2013.10.026)
  A. Otero-de-la-Roza et al., Comput. Phys. Commun. 180 (2009) 157-166. (10.1016/j.cpc.2008.07.018)

+ critic2 (development), version 1.2.585
         host: Linux-6.8.0-65-generic
         date: Fri 22 Aug 2025 15:00:28
 compiled dat: /usr/local/share/critic2
      datadir: /usr/local/share/critic2
...was found?: T
       spglib: 1.13.0
     features: LAPACK(external) CINT
       openmp: yes (24 max threads)

CRITIC2--2025/9/12, 14:50:35.463

critic2:1> %% CRYSTAL NaClscf.in

* Crystal structure
  From: NaClscf.in
  Lattice parameters (bohr): 10.560029  10.560029  10.560029  
  Lattice parameters (ang): 5.588127  5.588127  5.588127  
  Lattice angles (degrees): 90.000  90.000  90.000  
  Empirical formula: Na(1) Cl(1) 
  Number of non-equivalent atoms in the unit cell: 2
  Number of atoms in the unit cell: 8
  Number of atomic species: 2
  Number of electrons (with zero atomic charge): 112
  Molar mass (amu, per unit cell): 233.771
  Cell volume (bohr^3): 1177.59331
  Cell volume (ang^3): 174.50132
  Density (g/cm^3): 2.22454
  Space group (H-M): Fm-3m (225)

+ List of atomic species: 
# spc = atomic species. Z = atomic number. name = atomic name (symbol).
# Q = charge.
# spc  Z   name      Q    
   1  11    Na     0.0000 
   2  17    Cl     0.0000 

+ List of non-equivalent atoms in the unit cell (cryst. coords.): 
# at = complete list atomic ID. xyz = Cartesian coordinates. spc = atomic species.
# wyck = wyckoff position. name = atomic name (symbol). mult = multiplicity.
# Z = atomic number.
# nat       x              y              z        spc wyck  name   mult  Z  
   1   0.0000000000   0.0000000000   0.0000000000   1    4a   Na     4   11  
   2   0.0000000000   0.0000000000   0.5000000000   2    4b   Cl     4   17  

+ List of atoms in the unit cell (cryst. coords.): 
# at = complete list atomic ID. xyz = Cartesian coordinates. spc = atomic species.
# name = atomic name (symbol). Z = atomic number. nat = non-equivalent atom id.
# mol = molecular fragment.
# at        x              y              z        spc  name    Z  nat mol 
   1   0.0000000000   0.0000000000   0.0000000000   1    Na    11   1   1  
   2   0.0000000000   0.5000000000   0.5000000000   1    Na    11   1   1  
   3   0.5000000000   0.0000000000   0.5000000000   1    Na    11   1   1  
   4   0.5000000000   0.5000000000   0.0000000000   1    Na    11   1   1  
   5   0.0000000000   0.0000000000   0.5000000000   2    Cl    17   2   1  
   6   0.5000000000   0.0000000000   0.0000000000   2    Cl    17   2   1  
   7   0.0000000000   0.5000000000   0.0000000000   2    Cl    17   2   1  
   8   0.5000000000   0.5000000000   0.5000000000   2    Cl    17   2   1  

+ Lattice vectors (bohr)
    a:   10.5600289821     0.0000000000     0.0000000000  
    b:    0.0000000000    10.5600289821     0.0000000000  
    c:    0.0000000000     0.0000000000    10.5600289821  

+ List of atoms in Cartesian coordinates (bohr): 
# at = complete list atomic ID. xyz = Cartesian coordinates. spc = atomic species.
# name = atomic name (symbol). Z = atomic number. dnn = nearest-neighbor distance.
# nat = non-equivalent atom id. mol = molecular fragment.
# at         x                y                z         spc  name    Z     dnn     nat mol 
   1     0.0000000000     0.0000000000     0.0000000000   1    Na    11    5.2800    1   1  
   2     0.0000000000     5.2800144911     5.2800144911   1    Na    11    5.2800    1   1  
   3     5.2800144911     0.0000000000     5.2800144911   1    Na    11    5.2800    1   1  
   4     5.2800144911     5.2800144911     0.0000000000   1    Na    11    5.2800    1   1  
   5     0.0000000000     0.0000000000     5.2800144911   2    Cl    17    5.2800    2   1  
   6     5.2800144911     0.0000000000     0.0000000000   2    Cl    17    5.2800    2   1  
   7     0.0000000000     5.2800144911     0.0000000000   2    Cl    17    5.2800    2   1  
   8     5.2800144911     5.2800144911     5.2800144911   2    Cl    17    5.2800    2   1  

+ List of symmetry operations (48):
  Operation 1:
     1.000000  0.000000  0.000000  0.000000 
     0.000000  1.000000  0.000000  0.000000 
     0.000000  0.000000  1.000000  0.000000 
  Operation 2:
    -1.000000  0.000000  0.000000  0.000000 
     0.000000 -1.000000  0.000000  0.000000 
     0.000000  0.000000 -1.000000  0.000000 
  Operation 3:
     0.000000 -1.000000  0.000000  0.000000 
     1.000000  0.000000  0.000000  0.000000 
     0.000000  0.000000  1.000000  0.000000 
  Operation 4:
     0.000000  1.000000  0.000000  0.000000 
    -1.000000  0.000000  0.000000  0.000000 
     0.000000  0.000000 -1.000000  0.000000 
  Operation 5:
    -1.000000  0.000000  0.000000  0.000000 
     0.000000 -1.000000  0.000000  0.000000 
     0.000000  0.000000  1.000000  0.000000 
  Operation 6:
     1.000000  0.000000  0.000000  0.000000 
     0.000000  1.000000  0.000000  0.000000 
     0.000000  0.000000 -1.000000  0.000000 
  Operation 7:
     0.000000  1.000000  0.000000  0.000000 
    -1.000000  0.000000  0.000000  0.000000 
     0.000000  0.000000  1.000000  0.000000 
  Operation 8:
     0.000000 -1.000000  0.000000  0.000000 
     1.000000  0.000000  0.000000  0.000000 
     0.000000  0.000000 -1.000000  0.000000 
  Operation 9:
     1.000000  0.000000  0.000000  0.000000 
     0.000000 -1.000000  0.000000  0.000000 
     0.000000  0.000000 -1.000000  0.000000 
  Operation 10:
    -1.000000  0.000000  0.000000  0.000000 
     0.000000  1.000000  0.000000  0.000000 
     0.000000  0.000000  1.000000  0.000000 
  Operation 11:
     0.000000 -1.000000  0.000000  0.000000 
    -1.000000  0.000000  0.000000  0.000000 
     0.000000  0.000000 -1.000000  0.000000 
  Operation 12:
     0.000000  1.000000  0.000000  0.000000 
     1.000000  0.000000  0.000000  0.000000 
     0.000000  0.000000  1.000000  0.000000 
  Operation 13:
    -1.000000  0.000000  0.000000  0.000000 
     0.000000  1.000000  0.000000  0.000000 
     0.000000  0.000000 -1.000000  0.000000 
  Operation 14:
     1.000000  0.000000  0.000000  0.000000 
     0.000000 -1.000000  0.000000  0.000000 
     0.000000  0.000000  1.000000  0.000000 
  Operation 15:
     0.000000  1.000000  0.000000  0.000000 
     1.000000  0.000000  0.000000  0.000000 
     0.000000  0.000000 -1.000000  0.000000 
  Operation 16:
     0.000000 -1.000000  0.000000  0.000000 
    -1.000000  0.000000  0.000000  0.000000 
     0.000000  0.000000  1.000000  0.000000 
  Operation 17:
     0.000000  0.000000  1.000000  0.000000 
     1.000000  0.000000  0.000000  0.000000 
     0.000000  1.000000  0.000000  0.000000 
  Operation 18:
     0.000000  0.000000 -1.000000  0.000000 
    -1.000000  0.000000  0.000000  0.000000 
     0.000000 -1.000000  0.000000  0.000000 
  Operation 19:
     0.000000  0.000000  1.000000  0.000000 
     0.000000 -1.000000  0.000000  0.000000 
     1.000000  0.000000  0.000000  0.000000 
  Operation 20:
     0.000000  0.000000 -1.000000  0.000000 
     0.000000  1.000000  0.000000  0.000000 
    -1.000000  0.000000  0.000000  0.000000 
  Operation 21:
     0.000000  0.000000  1.000000  0.000000 
    -1.000000  0.000000  0.000000  0.000000 
     0.000000 -1.000000  0.000000  0.000000 
  Operation 22:
     0.000000  0.000000 -1.000000  0.000000 
     1.000000  0.000000  0.000000  0.000000 
     0.000000  1.000000  0.000000  0.000000 
  Operation 23:
     0.000000  0.000000  1.000000  0.000000 
     0.000000  1.000000  0.000000  0.000000 
    -1.000000  0.000000  0.000000  0.000000 
  Operation 24:
     0.000000  0.000000 -1.000000  0.000000 
     0.000000 -1.000000  0.000000  0.000000 
     1.000000  0.000000  0.000000  0.000000 
  Operation 25:
     0.000000  0.000000 -1.000000  0.000000 
     1.000000  0.000000  0.000000  0.000000 
     0.000000 -1.000000  0.000000  0.000000 
  Operation 26:
     0.000000  0.000000  1.000000  0.000000 
    -1.000000  0.000000  0.000000  0.000000 
     0.000000  1.000000  0.000000  0.000000 
  Operation 27:
     0.000000  0.000000 -1.000000  0.000000 
     0.000000 -1.000000  0.000000  0.000000 
    -1.000000  0.000000  0.000000  0.000000 
  Operation 28:
     0.000000  0.000000  1.000000  0.000000 
     0.000000  1.000000  0.000000  0.000000 
     1.000000  0.000000  0.000000  0.000000 
  Operation 29:
     0.000000  0.000000 -1.000000  0.000000 
    -1.000000  0.000000  0.000000  0.000000 
     0.000000  1.000000  0.000000  0.000000 
  Operation 30:
     0.000000  0.000000  1.000000  0.000000 
     1.000000  0.000000  0.000000  0.000000 
     0.000000 -1.000000  0.000000  0.000000 
  Operation 31:
     0.000000  0.000000 -1.000000  0.000000 
     0.000000  1.000000  0.000000  0.000000 
     1.000000  0.000000  0.000000  0.000000 
  Operation 32:
     0.000000  0.000000  1.000000  0.000000 
     0.000000 -1.000000  0.000000  0.000000 
    -1.000000  0.000000  0.000000  0.000000 
  Operation 33:
     0.000000  1.000000  0.000000  0.000000 
     0.000000  0.000000  1.000000  0.000000 
     1.000000  0.000000  0.000000  0.000000 
  Operation 34:
     0.000000 -1.000000  0.000000  0.000000 
     0.000000  0.000000 -1.000000  0.000000 
    -1.000000  0.000000  0.000000  0.000000 
  Operation 35:
     1.000000  0.000000  0.000000  0.000000 
     0.000000  0.000000  1.000000  0.000000 
     0.000000 -1.000000  0.000000  0.000000 
  Operation 36:
    -1.000000  0.000000  0.000000  0.000000 
     0.000000  0.000000 -1.000000  0.000000 
     0.000000  1.000000  0.000000  0.000000 
  Operation 37:
     0.000000 -1.000000  0.000000  0.000000 
     0.000000  0.000000  1.000000  0.000000 
    -1.000000  0.000000  0.000000  0.000000 
  Operation 38:
     0.000000  1.000000  0.000000  0.000000 
     0.000000  0.000000 -1.000000  0.000000 
     1.000000  0.000000  0.000000  0.000000 
  Operation 39:
    -1.000000  0.000000  0.000000  0.000000 
     0.000000  0.000000  1.000000  0.000000 
     0.000000  1.000000  0.000000  0.000000 
  Operation 40:
     1.000000  0.000000  0.000000  0.000000 
     0.000000  0.000000 -1.000000  0.000000 
     0.000000 -1.000000  0.000000  0.000000 
  Operation 41:
     0.000000 -1.000000  0.000000  0.000000 
     0.000000  0.000000 -1.000000  0.000000 
     1.000000  0.000000  0.000000  0.000000 
  Operation 42:
     0.000000  1.000000  0.000000  0.000000 
     0.000000  0.000000  1.000000  0.000000 
    -1.000000  0.000000  0.000000  0.000000 
  Operation 43:
    -1.000000  0.000000  0.000000  0.000000 
     0.000000  0.000000 -1.000000  0.000000 
     0.000000 -1.000000  0.000000  0.000000 
  Operation 44:
     1.000000  0.000000  0.000000  0.000000 
     0.000000  0.000000  1.000000  0.000000 
     0.000000  1.000000  0.000000  0.000000 
  Operation 45:
     0.000000  1.000000  0.000000  0.000000 
     0.000000  0.000000 -1.000000  0.000000 
    -1.000000  0.000000  0.000000  0.000000 
  Operation 46:
     0.000000 -1.000000  0.000000  0.000000 
     0.000000  0.000000  1.000000  0.000000 
     1.000000  0.000000  0.000000  0.000000 
  Operation 47:
     1.000000  0.000000  0.000000  0.000000 
     0.000000  0.000000 -1.000000  0.000000 
     0.000000  1.000000  0.000000  0.000000 
  Operation 48:
    -1.000000  0.000000  0.000000  0.000000 
     0.000000  0.000000  1.000000  0.000000 
     0.000000 -1.000000  0.000000  0.000000 

+ List of symmetry operations in crystallographic notation:
# number: operation ... ## order of rotation [axis]; [axis in Cartesian]
     1: x,y,z                          ##  1
     2: -x,-y,-z                       ## -1
     3: -y,x,z                         ##  4 [0,0,1]; [0.000,0.000,1.000]
     4: y,-x,-z                        ## -4 [0,0,1]; [0.000,0.000,1.000]
     5: -x,-y,z                        ##  2 [0,0,1]; [0.000,0.000,1.000]
     6: x,y,-z                         ## -1 [0,0,1]; [0.000,0.000,1.000]
     7: y,-x,z                         ##  4 [0,0,1]; [0.000,0.000,1.000]
     8: -y,x,-z                        ## -4 [0,0,1]; [0.000,0.000,1.000]
     9: x,-y,-z                        ##  2 [1,0,0]; [1.000,0.000,0.000]
    10: -x,y,z                         ## -1 [1,0,0]; [1.000,0.000,0.000]
    11: -y,-x,-z                       ##  2 [1,-1,0]; [0.707,-0.707,0.000]
    12: y,x,z                          ## -1 [-1,1,0]; [-0.707,0.707,0.000]
    13: -x,y,-z                        ##  2 [0,1,0]; [0.000,1.000,0.000]
    14: x,-y,z                         ## -1 [0,1,0]; [0.000,1.000,0.000]
    15: y,x,-z                         ##  2 [1,1,0]; [0.707,0.707,0.000]
    16: -y,-x,z                        ## -1 [1,1,0]; [0.707,0.707,0.000]
    17: z,x,y                          ##  3 [-1,-1,-1]; [-0.577,-0.577,-0.577]
    18: -z,-x,-y                       ## -6 [-1,-1,-1]; [-0.577,-0.577,-0.577]
    19: z,-y,x                         ##  2 [1,0,1]; [0.707,0.000,0.707]
    20: -z,y,-x                        ## -1 [1,0,1]; [0.707,0.000,0.707]
    21: z,-x,-y                        ##  3 [1,-1,1]; [0.577,-0.577,0.577]
    22: -z,x,y                         ## -6 [-1,1,-1]; [-0.577,0.577,-0.577]
    23: z,y,-x                         ##  4 [0,1,0]; [0.000,1.000,0.000]
    24: -z,-y,x                        ## -4 [0,1,0]; [0.000,1.000,0.000]
    25: -z,x,-y                        ##  3 [1,1,-1]; [0.577,0.577,-0.577]
    26: z,-x,y                         ## -6 [-1,-1,1]; [-0.577,-0.577,0.577]
    27: -z,-y,-x                       ##  2 [1,0,-1]; [0.707,0.000,-0.707]
    28: z,y,x                          ## -1 [-1,0,1]; [-0.707,0.000,0.707]
    29: -z,-x,y                        ##  3 [-1,1,1]; [-0.577,0.577,0.577]
    30: z,x,-y                         ## -6 [-1,1,1]; [-0.577,0.577,0.577]
    31: -z,y,x                         ##  4 [0,1,0]; [0.000,1.000,0.000]
    32: z,-y,-x                        ## -4 [0,1,0]; [0.000,1.000,0.000]
    33: y,z,x                          ##  3 [-1,-1,-1]; [-0.577,-0.577,-0.577]
    34: -y,-z,-x                       ## -6 [-1,-1,-1]; [-0.577,-0.577,-0.577]
    35: x,z,-y                         ##  4 [1,0,0]; [1.000,0.000,0.000]
    36: -x,-z,y                        ## -4 [1,0,0]; [1.000,0.000,0.000]
    37: -y,z,-x                        ##  3 [-1,1,1]; [-0.577,0.577,0.577]
    38: y,-z,x                         ## -6 [-1,1,1]; [-0.577,0.577,0.577]
    39: -x,z,y                         ##  2 [0,1,1]; [0.000,0.707,0.707]
    40: x,-z,-y                        ## -1 [0,1,1]; [0.000,0.707,0.707]
    41: -y,-z,x                        ##  3 [1,-1,1]; [0.577,-0.577,0.577]
    42: y,z,-x                         ## -6 [-1,1,-1]; [-0.577,0.577,-0.577]
    43: -x,-z,-y                       ##  2 [0,-1,1]; [0.000,-0.707,0.707]
    44: x,z,y                          ## -1 [0,1,-1]; [0.000,0.707,-0.707]
    45: y,-z,-x                        ##  3 [1,1,-1]; [0.577,0.577,-0.577]
    46: -y,z,x                         ## -6 [-1,-1,1]; [-0.577,-0.577,0.577]
    47: x,-z,y                         ##  4 [1,0,0]; [1.000,0.000,0.000]
    48: -x,z,-y                        ## -4 [1,0,0]; [1.000,0.000,0.000]
    49: -1/2+x,-1/2+y,z                ##  1
    50: -1/2-x,-1/2-y,-z               ## -1
    51: -1/2-y,-1/2+x,z                ##  4 [0,0,1]; [0.000,0.000,1.000]
    52: -1/2+y,-1/2-x,-z               ## -4 [0,0,1]; [0.000,0.000,1.000]
    53: -1/2-x,-1/2-y,z                ##  2 [0,0,1]; [0.000,0.000,1.000]
    54: -1/2+x,-1/2+y,-z               ## -1 [0,0,1]; [0.000,0.000,1.000]
    55: -1/2+y,-1/2-x,z                ##  4 [0,0,1]; [0.000,0.000,1.000]
    56: -1/2-y,-1/2+x,-z               ## -4 [0,0,1]; [0.000,0.000,1.000]
    57: -1/2+x,-1/2-y,-z               ##  2 [1,0,0]; [1.000,0.000,0.000]
    58: -1/2-x,-1/2+y,z                ## -1 [1,0,0]; [1.000,0.000,0.000]
    59: -1/2-y,-1/2-x,-z               ##  2 [1,-1,0]; [0.707,-0.707,0.000]
    60: -1/2+y,-1/2+x,z                ## -1 [-1,1,0]; [-0.707,0.707,0.000]
    61: -1/2-x,-1/2+y,-z               ##  2 [0,1,0]; [0.000,1.000,0.000]
    62: -1/2+x,-1/2-y,z                ## -1 [0,1,0]; [0.000,1.000,0.000]
    63: -1/2+y,-1/2+x,-z               ##  2 [1,1,0]; [0.707,0.707,0.000]
    64: -1/2-y,-1/2-x,z                ## -1 [1,1,0]; [0.707,0.707,0.000]
    65: -1/2+z,-1/2+x,y                ##  3 [-1,-1,-1]; [-0.577,-0.577,-0.577]
    66: -1/2-z,-1/2-x,-y               ## -6 [-1,-1,-1]; [-0.577,-0.577,-0.577]
    67: -1/2+z,-1/2-y,x                ##  2 [1,0,1]; [0.707,0.000,0.707]
    68: -1/2-z,-1/2+y,-x               ## -1 [1,0,1]; [0.707,0.000,0.707]
    69: -1/2+z,-1/2-x,-y               ##  3 [1,-1,1]; [0.577,-0.577,0.577]
    70: -1/2-z,-1/2+x,y                ## -6 [-1,1,-1]; [-0.577,0.577,-0.577]
    71: -1/2+z,-1/2+y,-x               ##  4 [0,1,0]; [0.000,1.000,0.000]
    72: -1/2-z,-1/2-y,x                ## -4 [0,1,0]; [0.000,1.000,0.000]
    73: -1/2-z,-1/2+x,-y               ##  3 [1,1,-1]; [0.577,0.577,-0.577]
    74: -1/2+z,-1/2-x,y                ## -6 [-1,-1,1]; [-0.577,-0.577,0.577]
    75: -1/2-z,-1/2-y,-x               ##  2 [1,0,-1]; [0.707,0.000,-0.707]
    76: -1/2+z,-1/2+y,x                ## -1 [-1,0,1]; [-0.707,0.000,0.707]
    77: -1/2-z,-1/2-x,y                ##  3 [-1,1,1]; [-0.577,0.577,0.577]
    78: -1/2+z,-1/2+x,-y               ## -6 [-1,1,1]; [-0.577,0.577,0.577]
    79: -1/2-z,-1/2+y,x                ##  4 [0,1,0]; [0.000,1.000,0.000]
    80: -1/2+z,-1/2-y,-x               ## -4 [0,1,0]; [0.000,1.000,0.000]
    81: -1/2+y,-1/2+z,x                ##  3 [-1,-1,-1]; [-0.577,-0.577,-0.577]
    82: -1/2-y,-1/2-z,-x               ## -6 [-1,-1,-1]; [-0.577,-0.577,-0.577]
    83: -1/2+x,-1/2+z,-y               ##  4 [1,0,0]; [1.000,0.000,0.000]
    84: -1/2-x,-1/2-z,y                ## -4 [1,0,0]; [1.000,0.000,0.000]
    85: -1/2-y,-1/2+z,-x               ##  3 [-1,1,1]; [-0.577,0.577,0.577]
    86: -1/2+y,-1/2-z,x                ## -6 [-1,1,1]; [-0.577,0.577,0.577]
    87: -1/2-x,-1/2+z,y                ##  2 [0,1,1]; [0.000,0.707,0.707]
    88: -1/2+x,-1/2-z,-y               ## -1 [0,1,1]; [0.000,0.707,0.707]
    89: -1/2-y,-1/2-z,x                ##  3 [1,-1,1]; [0.577,-0.577,0.577]
    90: -1/2+y,-1/2+z,-x               ## -6 [-1,1,-1]; [-0.577,0.577,-0.577]
    91: -1/2-x,-1/2-z,-y               ##  2 [0,-1,1]; [0.000,-0.707,0.707]
    92: -1/2+x,-1/2+z,y                ## -1 [0,1,-1]; [0.000,0.707,-0.707]
    93: -1/2+y,-1/2-z,-x               ##  3 [1,1,-1]; [0.577,0.577,-0.577]
    94: -1/2-y,-1/2+z,x                ## -6 [-1,-1,1]; [-0.577,-0.577,0.577]
    95: -1/2+x,-1/2-z,y                ##  4 [1,0,0]; [1.000,0.000,0.000]
    96: -1/2-x,-1/2+z,-y               ## -4 [1,0,0]; [1.000,0.000,0.000]
    97: -1/2+x,y,-1/2+z                ##  1
    98: -1/2-x,-y,-1/2-z               ## -1
    99: -1/2-y,x,-1/2+z                ##  4 [0,0,1]; [0.000,0.000,1.000]
   100: -1/2+y,-x,-1/2-z               ## -4 [0,0,1]; [0.000,0.000,1.000]
   101: -1/2-x,-y,-1/2+z               ##  2 [0,0,1]; [0.000,0.000,1.000]
   102: -1/2+x,y,-1/2-z                ## -1 [0,0,1]; [0.000,0.000,1.000]
   103: -1/2+y,-x,-1/2+z               ##  4 [0,0,1]; [0.000,0.000,1.000]
   104: -1/2-y,x,-1/2-z                ## -4 [0,0,1]; [0.000,0.000,1.000]
   105: -1/2+x,-y,-1/2-z               ##  2 [1,0,0]; [1.000,0.000,0.000]
   106: -1/2-x,y,-1/2+z                ## -1 [1,0,0]; [1.000,0.000,0.000]
   107: -1/2-y,-x,-1/2-z               ##  2 [1,-1,0]; [0.707,-0.707,0.000]
   108: -1/2+y,x,-1/2+z                ## -1 [-1,1,0]; [-0.707,0.707,0.000]
   109: -1/2-x,y,-1/2-z                ##  2 [0,1,0]; [0.000,1.000,0.000]
   110: -1/2+x,-y,-1/2+z               ## -1 [0,1,0]; [0.000,1.000,0.000]
   111: -1/2+y,x,-1/2-z                ##  2 [1,1,0]; [0.707,0.707,0.000]
   112: -1/2-y,-x,-1/2+z               ## -1 [1,1,0]; [0.707,0.707,0.000]
   113: -1/2+z,x,-1/2+y                ##  3 [-1,-1,-1]; [-0.577,-0.577,-0.577]
   114: -1/2-z,-x,-1/2-y               ## -6 [-1,-1,-1]; [-0.577,-0.577,-0.577]
   115: -1/2+z,-y,-1/2+x               ##  2 [1,0,1]; [0.707,0.000,0.707]
   116: -1/2-z,y,-1/2-x                ## -1 [1,0,1]; [0.707,0.000,0.707]
   117: -1/2+z,-x,-1/2-y               ##  3 [1,-1,1]; [0.577,-0.577,0.577]
   118: -1/2-z,x,-1/2+y                ## -6 [-1,1,-1]; [-0.577,0.577,-0.577]
   119: -1/2+z,y,-1/2-x                ##  4 [0,1,0]; [0.000,1.000,0.000]
   120: -1/2-z,-y,-1/2+x               ## -4 [0,1,0]; [0.000,1.000,0.000]
   121: -1/2-z,x,-1/2-y                ##  3 [1,1,-1]; [0.577,0.577,-0.577]
   122: -1/2+z,-x,-1/2+y               ## -6 [-1,-1,1]; [-0.577,-0.577,0.577]
   123: -1/2-z,-y,-1/2-x               ##  2 [1,0,-1]; [0.707,0.000,-0.707]
   124: -1/2+z,y,-1/2+x                ## -1 [-1,0,1]; [-0.707,0.000,0.707]
   125: -1/2-z,-x,-1/2+y               ##  3 [-1,1,1]; [-0.577,0.577,0.577]
   126: -1/2+z,x,-1/2-y                ## -6 [-1,1,1]; [-0.577,0.577,0.577]
   127: -1/2-z,y,-1/2+x                ##  4 [0,1,0]; [0.000,1.000,0.000]
   128: -1/2+z,-y,-1/2-x               ## -4 [0,1,0]; [0.000,1.000,0.000]
   129: -1/2+y,z,-1/2+x                ##  3 [-1,-1,-1]; [-0.577,-0.577,-0.577]
   130: -1/2-y,-z,-1/2-x               ## -6 [-1,-1,-1]; [-0.577,-0.577,-0.577]
   131: -1/2+x,z,-1/2-y                ##  4 [1,0,0]; [1.000,0.000,0.000]
   132: -1/2-x,-z,-1/2+y               ## -4 [1,0,0]; [1.000,0.000,0.000]
   133: -1/2-y,z,-1/2-x                ##  3 [-1,1,1]; [-0.577,0.577,0.577]
   134: -1/2+y,-z,-1/2+x               ## -6 [-1,1,1]; [-0.577,0.577,0.577]
   135: -1/2-x,z,-1/2+y                ##  2 [0,1,1]; [0.000,0.707,0.707]
   136: -1/2+x,-z,-1/2-y               ## -1 [0,1,1]; [0.000,0.707,0.707]
   137: -1/2-y,-z,-1/2+x               ##  3 [1,-1,1]; [0.577,-0.577,0.577]
   138: -1/2+y,z,-1/2-x                ## -6 [-1,1,-1]; [-0.577,0.577,-0.577]
   139: -1/2-x,-z,-1/2-y               ##  2 [0,-1,1]; [0.000,-0.707,0.707]
   140: -1/2+x,z,-1/2+y                ## -1 [0,1,-1]; [0.000,0.707,-0.707]
   141: -1/2+y,-z,-1/2-x               ##  3 [1,1,-1]; [0.577,0.577,-0.577]
   142: -1/2-y,z,-1/2+x                ## -6 [-1,-1,1]; [-0.577,-0.577,0.577]
   143: -1/2+x,-z,-1/2+y               ##  4 [1,0,0]; [1.000,0.000,0.000]
   144: -1/2-x,z,-1/2-y                ## -4 [1,0,0]; [1.000,0.000,0.000]
   145: x,-1/2+y,-1/2+z                ##  1
   146: -x,-1/2-y,-1/2-z               ## -1
   147: -y,-1/2+x,-1/2+z               ##  4 [0,0,1]; [0.000,0.000,1.000]
   148: y,-1/2-x,-1/2-z                ## -4 [0,0,1]; [0.000,0.000,1.000]
   149: -x,-1/2-y,-1/2+z               ##  2 [0,0,1]; [0.000,0.000,1.000]
   150: x,-1/2+y,-1/2-z                ## -1 [0,0,1]; [0.000,0.000,1.000]
   151: y,-1/2-x,-1/2+z                ##  4 [0,0,1]; [0.000,0.000,1.000]
   152: -y,-1/2+x,-1/2-z               ## -4 [0,0,1]; [0.000,0.000,1.000]
   153: x,-1/2-y,-1/2-z                ##  2 [1,0,0]; [1.000,0.000,0.000]
   154: -x,-1/2+y,-1/2+z               ## -1 [1,0,0]; [1.000,0.000,0.000]
   155: -y,-1/2-x,-1/2-z               ##  2 [1,-1,0]; [0.707,-0.707,0.000]
   156: y,-1/2+x,-1/2+z                ## -1 [-1,1,0]; [-0.707,0.707,0.000]
   157: -x,-1/2+y,-1/2-z               ##  2 [0,1,0]; [0.000,1.000,0.000]
   158: x,-1/2-y,-1/2+z                ## -1 [0,1,0]; [0.000,1.000,0.000]
   159: y,-1/2+x,-1/2-z                ##  2 [1,1,0]; [0.707,0.707,0.000]
   160: -y,-1/2-x,-1/2+z               ## -1 [1,1,0]; [0.707,0.707,0.000]
   161: z,-1/2+x,-1/2+y                ##  3 [-1,-1,-1]; [-0.577,-0.577,-0.577]
   162: -z,-1/2-x,-1/2-y               ## -6 [-1,-1,-1]; [-0.577,-0.577,-0.577]
   163: z,-1/2-y,-1/2+x                ##  2 [1,0,1]; [0.707,0.000,0.707]
   164: -z,-1/2+y,-1/2-x               ## -1 [1,0,1]; [0.707,0.000,0.707]
   165: z,-1/2-x,-1/2-y                ##  3 [1,-1,1]; [0.577,-0.577,0.577]
   166: -z,-1/2+x,-1/2+y               ## -6 [-1,1,-1]; [-0.577,0.577,-0.577]
   167: z,-1/2+y,-1/2-x                ##  4 [0,1,0]; [0.000,1.000,0.000]
   168: -z,-1/2-y,-1/2+x               ## -4 [0,1,0]; [0.000,1.000,0.000]
   169: -z,-1/2+x,-1/2-y               ##  3 [1,1,-1]; [0.577,0.577,-0.577]
   170: z,-1/2-x,-1/2+y                ## -6 [-1,-1,1]; [-0.577,-0.577,0.577]
   171: -z,-1/2-y,-1/2-x               ##  2 [1,0,-1]; [0.707,0.000,-0.707]
   172: z,-1/2+y,-1/2+x                ## -1 [-1,0,1]; [-0.707,0.000,0.707]
   173: -z,-1/2-x,-1/2+y               ##  3 [-1,1,1]; [-0.577,0.577,0.577]
   174: z,-1/2+x,-1/2-y                ## -6 [-1,1,1]; [-0.577,0.577,0.577]
   175: -z,-1/2+y,-1/2+x               ##  4 [0,1,0]; [0.000,1.000,0.000]
   176: z,-1/2-y,-1/2-x                ## -4 [0,1,0]; [0.000,1.000,0.000]
   177: y,-1/2+z,-1/2+x                ##  3 [-1,-1,-1]; [-0.577,-0.577,-0.577]
   178: -y,-1/2-z,-1/2-x               ## -6 [-1,-1,-1]; [-0.577,-0.577,-0.577]
   179: x,-1/2+z,-1/2-y                ##  4 [1,0,0]; [1.000,0.000,0.000]
   180: -x,-1/2-z,-1/2+y               ## -4 [1,0,0]; [1.000,0.000,0.000]
   181: -y,-1/2+z,-1/2-x               ##  3 [-1,1,1]; [-0.577,0.577,0.577]
   182: y,-1/2-z,-1/2+x                ## -6 [-1,1,1]; [-0.577,0.577,0.577]
   183: -x,-1/2+z,-1/2+y               ##  2 [0,1,1]; [0.000,0.707,0.707]
   184: x,-1/2-z,-1/2-y                ## -1 [0,1,1]; [0.000,0.707,0.707]
   185: -y,-1/2-z,-1/2+x               ##  3 [1,-1,1]; [0.577,-0.577,0.577]
   186: y,-1/2+z,-1/2-x                ## -6 [-1,1,-1]; [-0.577,0.577,-0.577]
   187: -x,-1/2-z,-1/2-y               ##  2 [0,-1,1]; [0.000,-0.707,0.707]
   188: x,-1/2+z,-1/2+y                ## -1 [0,1,-1]; [0.000,0.707,-0.707]
   189: y,-1/2-z,-1/2-x                ##  3 [1,1,-1]; [0.577,0.577,-0.577]
   190: -y,-1/2+z,-1/2+x               ## -6 [-1,-1,1]; [-0.577,-0.577,0.577]
   191: x,-1/2-z,-1/2+y                ##  4 [1,0,0]; [1.000,0.000,0.000]
   192: -x,-1/2+z,-1/2-y               ## -4 [1,0,0]; [1.000,0.000,0.000]

+ List of centering vectors (4):
  Vector 1: 0.000000  0.000000  0.000000  
  Vector 2: 0.500000  0.500000  0.000000  
  Vector 3: 0.500000  0.000000  0.500000  
  Vector 4: 0.000000  0.500000  0.500000  

+ Crystal symmetry information
  Space group (Hermann-Mauguin): Fm-3m (number 225)
  Point group (Hermann-Mauguin): m-3m
  Point group (Schoenflies): Oh
  Holohedry: cubic
  Laue class: m-3m

+ Cartesian/crystallographic coordinate transformation matrices:
  A = car to crys (xcrys = A * xcar, bohr^-1)
       0.0946967098     0.0000000000    -0.0000000000  
       0.0000000000     0.0946967098    -0.0000000000  
       0.0000000000     0.0000000000     0.0946967098  
  B = crys to car (xcar = B * xcrys, bohr)
      10.5600289821     0.0000000000     0.0000000000  
       0.0000000000    10.5600289821     0.0000000000  
       0.0000000000     0.0000000000    10.5600289821  
  G = metric tensor (B'*B, bohr^2)
     111.5142121037     0.0000000000     0.0000000000  
       0.0000000000   111.5142121037     0.0000000000  
       0.0000000000     0.0000000000   111.5142121037  

+ List of fragments in the system (1)
# Id = fragment ID. nat = number of atoms in fragment. C-o-m = center of mass (bohr).
# Discrete = is this fragment finite?
# Id  nat           Center of mass            Discrete
  1    8      0.250000    0.250000    0.250000   No   

+ This is a 3D periodic structure.

+ Vertex of the WS cell in cryst. coords. (8)
# id = vertex ID. xyz = vertex cryst. coords. d = vertex distance to origin (bohr).
   id       x            y            z          d (bohr)   
    1    0.500000     0.500000     0.500000     9.14525336  
    2    0.500000     0.500000    -0.500000     9.14525336  
    3    0.500000    -0.500000     0.500000     9.14525336  
    4   -0.500000     0.500000     0.500000     9.14525336  
    5   -0.500000     0.500000    -0.500000     9.14525336  
    6    0.500000    -0.500000    -0.500000     9.14525336  
    7   -0.500000    -0.500000    -0.500000     9.14525336  
    8   -0.500000    -0.500000     0.500000     9.14525336  

+ Faces of the WS cell (6)
# Face ID: vertexID1 vertexID2 ...
   1: 1  3  8  4  
   2: 5  2  1  4  
   3: 6  2  1  3  
   4: 4  8  7  5  
   5: 7  6  3  8  
   6: 2  5  7  6  

+ Lattice vectors for the Wigner-Seitz neighbors
# FaceID: Voronoi lattice vector (cryst. coords.)
   1:  0  0  1 
   2:  0  1  0 
   3:  1  0  0 
   4: -1  0  0 
   5:  0 -1  0 
   6:  0  0 -1 

+ Lattice vectors for the Delaunay reduced cell (cryst. coords.)
  a:  1  0  0 
  b:  0  1  0 
  c:  0  0  1 
  Delaunay reduced cell lengths: 10.560029 10.560029 10.560029 
  Delaunay reduced cell angles: 90.000 90.000 90.000 

+ Is the cell orthogonal? T
+ Is the reduced cell orthogonal? T

* List of scalar fields
+ Field number 0
  Name: <promolecular>
  Source: <generated>
  Type: promolecular
  Use core densities? F
  Numerical derivatives? F
  Nuclear CP signature: -3
  Number of non-equivalent critical points: 2
  Number of critical points in the unit cell: 8
  Alias for this field (2): $0, $rho0
  This is the REFERENCE field.

* List of integrable properties (3)
#  Id  Type  Field  Name  
    1   v        0  Volume    
    2  fval      0  Pop    
    3  lval      0  Lap    

* List of additional properties at critical points (0)

* List of core and pseudopotential charges for each field
# id  type   core?  ZPSP
  0  promol   no   

critic2:2> %% LOAD ecd-4.cube id rho

+ Field number 1
  Name: ecd-4.cube
  Source: ecd-4.cube
  Type: grid
  Grid dimensions : 72  72  72  
  Max. length Voronoi-relevant vector (bohr):  0.14667  
  First elements... 7.349100000000E+00  6.721200000000E+00  5.167200000000E+00  
  Last elements... 2.918300000000E+00  4.359800000000E+00  5.635100000000E+00  
  Sum of elements... 2.028534391960E+04
  Sum of squares of elements... 2.054662285089E+04
  Cell integral (1) = 64.00003570
  Min: 1.95120000E-03
  Average: 5.43481651E-02
  Max: 7.34910000E+00
  Interpolation mode (1=nearest,2=linear,3=spline,4=tricubic,5=smoothrho): 4
  Use core densities? F
  Numerical derivatives? F
  Nuclear CP signature: -3
  Number of non-equivalent critical points: 2
  Number of critical points in the unit cell: 8
  Alias for this field (2): $1, $rho

* Field number 1 is now REFERENCE.

critic2:3> %% LOAD Naelf.cube id elf

+ Field number 2
  Name: Naelf.cube
  Source: Naelf.cube
  Type: grid
  Grid dimensions : 72  72  72  
  Max. length Voronoi-relevant vector (bohr):  0.14667  
  First elements... 9.892600000000E-01  9.915900000000E-01  9.975000000000E-01  
  Last elements... 9.969400000000E-01  9.996300000000E-01  9.958100000000E-01  
  Sum of elements... 1.187278532606E+05
  Sum of squares of elements... 7.706023799069E+04
  Cell integral (2) = 374.58506386
  Min: 7.30660000E-03
  Average: 3.18093743E-01
  Max: 9.99850000E-01
  Interpolation mode (1=nearest,2=linear,3=spline,4=tricubic,5=smoothrho): 4
  Use core densities? F
  Numerical derivatives? F
  Nuclear CP signature: -3
  Number of non-equivalent critical points: 2
  Number of critical points in the unit cell: 8
  Alias for this field (2): $2, $elf

critic2:4> %% reference elf

* Field number 2 is now REFERENCE.

* List of integrable properties (3)
#  Id  Type  Field  Name  
    1   v        0  Volume    
    2  fval      2  Pop    
    3  lval      2  Lap    

* Summary of critical points for the reference field
  Non-equivalent critical points = 2
  Cell critical points = 8
  Topological class (n|b|r|c): 2(8) 0(0) 0(0) 0(0) 
  Morse sum: 8

critic2:5> %% integrable rho

* List of integrable properties (4)
#  Id  Type  Field  Name  
    1   v        0  Volume    
    2  fval      2  Pop    
    3  lval      2  Lap    
    4   f        1  $rho    

critic2:6> %% yt nnm discard "$elf <0.1"

* Yu-Trinkle integration 
  Please cite: 
  Min Yu, Dallas Trinkle, J. Chem. Phys. 134 (2011) 064111. (10.1063/1.3553716)
+ Distance for atomic assignment (bohr): 1.0000E+00
+ Discard attractor expression: $elf <0.1
+ Attractors in YT: 97
+ Attractors after reordering: 97

+ Integrating atomic properties

+ Integrated property (number 1): Volume
+ Integrated property (number 2): Pop
+ Integrated property (number 3): Lap
+ Integrated property (number 4): $rho

* List of properties integrated in the attractor basins
+ The "Label" entries will be used to identify the integrable property
  in the tables of integrated atomic properties. The entries with
  an "x" will not be integrated.
# id    Label      fid  Field       Additional
  1       Volume    -- Volume        
  2        Pop       2 Field (v)     
  3        Lap       2 Laplcn (v)    
  4        $rho      1 Field         

* Key for the interpretation of table headings
# Id = attractor identifier
# cp/at = critical point/atom from the complete CP/atom list
# (lvec) = lattice translation from CP/atom to the main cell's representative
# ncp/nat = critical point/atom from the non-equivalent CP/atom list
# Name = atomic name
# Z = atomic number
# Position = attractor position
# Mol = molecule identifier (see corresponding table above)
# Volume = volume of the reference field basins.
# Pop (population) = the reference field integrated in its own basins.
# Lap = Laplacian of the reference field integrated in the reference field basins.
# $xxx = field xxx integrated in the basins of the reference field.

* List of attractors integrated
# Id   cp   ncp   Name  Z   mult           Position (cryst.) 
  1    1    1      Na   11  --    0.0000000    0.0000000    0.0000000  
  2    2    1      Na   11  --    0.0000000    0.5000000    0.5000000  
  3    3    1      Na   11  --    0.5000000    0.0000000    0.5000000  
  4    4    1      Na   11  --    0.5000000    0.5000000    0.0000000  
  5    5    2      Cl   17  --    0.0000000    0.0000000    0.5000000  
  6    6    2      Cl   17  --    0.5000000    0.0000000    0.0000000  
  7    7    2      Cl   17  --    0.0000000    0.5000000    0.0000000  
  8    8    2      Cl   17  --    0.5000000    0.5000000    0.5000000  
  9     --   --    ??   --  --    0.1527778    0.0000000    0.5000000  
  10    --   --    ??   --  --    0.5000000    0.5000000    0.6527778  
  11    --   --    ??   --  --    0.5000000    0.6527778    0.5000000  
  12    --   --    ??   --  --    0.5000000    0.3472222    0.5000000  
  13    --   --    ??   --  --    0.1527778    0.5000000    0.0000000  
  14    --   --    ??   --  --    0.0000000    0.0000000    0.3472222  
  15    --   --    ??   --  --    0.0000000    0.6527778    0.0000000  
  16    --   --    ??   --  --    0.0000000    0.5000000    0.1527778  
  17    --   --    ??   --  --    0.5000000    0.0000000    0.8472222  
  18    --   --    ??   --  --    0.5000000    0.1527778    0.0000000  
  19    --   --    ??   --  --    0.0000000    0.5000000    0.8472222  
  20    --   --    ??   --  --    0.5000000    0.8472222    0.0000000  
  21    --   --    ??   --  --    0.8472222    0.5000000    0.0000000  
  22    --   --    ??   --  --    0.5000000    0.5000000    0.3472222  
  23    --   --    ??   --  --    0.5000000    0.0000000    0.1527778  
  24    --   --    ??   --  --    0.0000000    0.8472222    0.5000000  
  25    --   --    ??   --  --    0.3472222    0.5000000    0.5000000  
  26    --   --    ??   --  --    0.8472222    0.0000000    0.5000000  
  27    --   --    ??   --  --    0.0000000    0.1527778    0.5000000  
  28    --   --    ??   --  --    0.0000000    0.3472222    0.0000000  
  29    --   --    ??   --  --    0.3472222    0.0000000    0.0000000  
  30    --   --    ??   --  --    0.0000000    0.0000000    0.6527778  
  31    --   --    ??   --  --    0.6527778    0.5000000    0.5000000  
  32    --   --    ??   --  --    0.6527778    0.0000000    0.0000000  
  33    --   --    ??   --  --    0.5972222    0.3888889    0.4722222  
  34    --   --    ??   --  --    0.9722222    0.1111111    0.4027778  
  35    --   --    ??   --  --    0.3888889    0.5972222    0.5277778  
  36    --   --    ??   --  --    0.9027778    0.4722222    0.8888889  
  37    --   --    ??   --  --    0.9722222    0.5972222    0.8888889  
  38    --   --    ??   --  --    0.3888889    0.9722222    0.0972222  
  39    --   --    ??   --  --    0.9722222    0.9027778    0.6111111  
  40    --   --    ??   --  --    0.6111111    0.0972222    0.0277778  
  41    --   --    ??   --  --    0.5972222    0.4722222    0.3888889  
  42    --   --    ??   --  --    0.1111111    0.9027778    0.5277778  
  43    --   --    ??   --  --    0.6111111    0.0277778    0.9027778  
  44    --   --    ??   --  --    0.1111111    0.0277778    0.4027778  
  45    --   --    ??   --  --    0.4722222    0.0972222    0.8888889  
  46    --   --    ??   --  --    0.1111111    0.5972222    0.0277778  
  47    --   --    ??   --  --    0.3888889    0.0277778    0.9027778  
  48    --   --    ??   --  --    0.8888889    0.4027778    0.9722222  
  49    --   --    ??   --  --    0.0277778    0.6111111    0.0972222  
  50    --   --    ??   --  --    0.5972222    0.4722222    0.6111111  
  51    --   --    ??   --  --    0.4027778    0.3888889    0.4722222  
  52    --   --    ??   --  --    0.4722222    0.8888889    0.0972222  
  53    --   --    ??   --  --    0.0972222    0.9722222    0.6111111  
  54    --   --    ??   --  --    0.5972222    0.6111111    0.5277778  
  55    --   --    ??   --  --    0.9027778    0.8888889    0.5277778  
  56    --   --    ??   --  --    0.9722222    0.4027778    0.1111111  
  57    --   --    ??   --  --    0.9027778    0.5277778    0.1111111  
  58    --   --    ??   --  --    0.0972222    0.3888889    0.9722222  
  59    --   --    ??   --  --    0.5277778    0.1111111    0.0972222  
  60    --   --    ??   --  --    0.9722222    0.0972222    0.6111111  
  61    --   --    ??   --  --    0.9027778    0.9722222    0.6111111  
  62    --   --    ??   --  --    0.5277778    0.6111111    0.5972222  
  63    --   --    ??   --  --    0.0972222    0.4722222    0.8888889  
  64    --   --    ??   --  --    0.4722222    0.3888889    0.4027778  
  65    --   --    ??   --  --    0.4722222    0.3888889    0.5972222  
  66    --   --    ??   --  --    0.0972222    0.4722222    0.1111111  
  67    --   --    ??   --  --    0.5972222    0.0277778    0.1111111  
  68    --   --    ??   --  --    0.8888889    0.0277778    0.4027778  
  69    --   --    ??   --  --    0.4027778    0.5277778    0.6111111  
  70    --   --    ??   --  --    0.4027778    0.1111111    0.0277778  
  71    --   --    ??   --  --    0.5277778    0.5972222    0.3888889  
  72    --   --    ??   --  --    0.9027778    0.6111111    0.0277778  
  73    --   --    ??   --  --    0.0277778    0.4027778    0.8888889  
  74    --   --    ??   --  --    0.4027778    0.4722222    0.3888889  
  75    --   --    ??   --  --    0.5277778    0.9027778    0.8888889  
  76    --   --    ??   --  --    0.6111111    0.9027778    0.0277778  
  77    --   --    ??   --  --    0.3888889    0.9027778    0.0277778  
  78    --   --    ??   --  --    0.0277778    0.9027778    0.3888889  
  79    --   --    ??   --  --    0.0972222    0.1111111    0.5277778  
  80    --   --    ??   --  --    0.8888889    0.0972222    0.5277778  
  81    --   --    ??   --  --    0.4166667    0.9027778    0.9166667  
  82    --   --    ??   --  --    0.4166667    0.5833333    0.4027778  
  83    --   --    ??   --  --    0.9166667    0.9166667    0.4027778  
  84    --   --    ??   --  --    0.0833333    0.5972222    0.9166667  
  85    --   --    ??   --  --    0.8888889    0.5694444    0.9305556  
  86    --   --    ??   --  --    0.3888889    0.4305556    0.5694444  
  87    --   --    ??   --  --    0.5694444    0.1111111    0.9305556  
  88    --   --    ??   --  --    0.1111111    0.9305556    0.4305556  
  89    --   --    ??   --  --    0.6111111    0.5694444    0.4305556  
  90    --   --    ??   --  --    0.5694444    0.9305556    0.1111111  
  91    --   --    ??   --  --    0.5694444    0.3888889    0.5694444  
  92    --   --    ??   --  --    0.0694444    0.1111111    0.4305556  
  93    --   --    ??   --  --    0.0694444    0.3888889    0.0694444  
  94    --   --    ??   --  --    0.6111111    0.9305556    0.9305556  
  95    --   --    ??   --  --    0.8888889    0.4305556    0.0694444  
  96    --   --    ??   --  --    0.0694444    0.0694444    0.6111111  
  97    --   --    ??   --  --    0.4305556    0.0694444    0.1111111  

* Integrated atomic properties
# (See key above for interpretation of column headings.)
# Integrable properties 1 to 4
# Id   cp   ncp   Name  Z   mult     Volume            Pop             Lap            $rho       
  1    1    1      Na   11  --   4.25184833E+01  1.31255531E+01  6.19852573E-01  8.01725974E+00 
  2    2    1      Na   11  --   4.25188036E+01  1.31256906E+01  6.19888036E-01  8.01724542E+00 
  3    3    1      Na   11  --   4.25188036E+01  1.31256906E+01  6.19888036E-01  8.01724542E+00 
  4    4    1      Na   11  --   4.25188036E+01  1.31256906E+01  6.19888036E-01  8.01724542E+00 
  5    5    2      Cl   17  --   3.25125056E-01  1.34538062E-02 -3.60894728E-02  6.28605091E-02 
  6    6    2      Cl   17  --   3.25125056E-01  1.34538062E-02 -3.60894728E-02  6.28605091E-02 
  7    7    2      Cl   17  --   3.25125056E-01  1.34538062E-02 -3.60894728E-02  6.28605091E-02 
  8    8    2      Cl   17  --   3.25120845E-01  1.34535135E-02 -3.60880942E-02  6.28598298E-02 
  9     --   --    ??   --  --   2.78213488E+01  9.25406693E+00 -5.43349971E-02  8.90627954E-01 
  10    --   --    ??   --  --   2.78218500E+01  9.25421911E+00 -5.43318179E-02  8.90643888E-01 
  11    --   --    ??   --  --   2.78218500E+01  9.25421911E+00 -5.43318179E-02  8.90643888E-01 
  12    --   --    ??   --  --   2.78218500E+01  9.25421911E+00 -5.43318179E-02  8.90643888E-01 
  13    --   --    ??   --  --   2.78213488E+01  9.25406693E+00 -5.43349971E-02  8.90627954E-01 
  14    --   --    ??   --  --   2.78213820E+01  9.25408180E+00 -5.43290195E-02  8.90628336E-01 
  15    --   --    ??   --  --   2.78213820E+01  9.25408180E+00 -5.43290195E-02  8.90628336E-01 
  16    --   --    ??   --  --   2.78213488E+01  9.25406693E+00 -5.43349971E-02  8.90627954E-01 
  17    --   --    ??   --  --   2.78213488E+01  9.25406693E+00 -5.43349971E-02  8.90627954E-01 
  18    --   --    ??   --  --   2.78213488E+01  9.25406693E+00 -5.43349971E-02  8.90627954E-01 
  19    --   --    ??   --  --   2.78213488E+01  9.25406693E+00 -5.43349971E-02  8.90627954E-01 
  20    --   --    ??   --  --   2.78213488E+01  9.25406693E+00 -5.43349971E-02  8.90627954E-01 
  21    --   --    ??   --  --   2.78213488E+01  9.25406693E+00 -5.43349971E-02  8.90627954E-01 
  22    --   --    ??   --  --   2.78218500E+01  9.25421911E+00 -5.43318179E-02  8.90643888E-01 
  23    --   --    ??   --  --   2.78213488E+01  9.25406693E+00 -5.43349971E-02  8.90627954E-01 
  24    --   --    ??   --  --   2.78213488E+01  9.25406693E+00 -5.43349971E-02  8.90627954E-01 
  25    --   --    ??   --  --   2.78218500E+01  9.25421911E+00 -5.43318179E-02  8.90643888E-01 
  26    --   --    ??   --  --   2.78213488E+01  9.25406693E+00 -5.43349971E-02  8.90627954E-01 
  27    --   --    ??   --  --   2.78213488E+01  9.25406693E+00 -5.43349971E-02  8.90627954E-01 
  28    --   --    ??   --  --   2.78213820E+01  9.25408180E+00 -5.43290195E-02  8.90628336E-01 
  29    --   --    ??   --  --   2.78213820E+01  9.25408180E+00 -5.43290195E-02  8.90628336E-01 
  30    --   --    ??   --  --   2.78213820E+01  9.25408180E+00 -5.43290195E-02  8.90628336E-01 
  31    --   --    ??   --  --   2.78218500E+01  9.25421911E+00 -5.43318179E-02  8.90643888E-01 
  32    --   --    ??   --  --   2.78213820E+01  9.25408180E+00 -5.43290195E-02  8.90628336E-01 
  33    --   --    ??   --  --   8.78677038E+00  2.68458950E+00 -1.48097666E-02  2.76177460E-01 
  34    --   --    ??   --  --   8.78691430E+00  2.68462854E+00 -1.48047421E-02  2.76172698E-01 
  35    --   --    ??   --  --   8.78677038E+00  2.68458950E+00 -1.48097666E-02  2.76177460E-01 
  36    --   --    ??   --  --   8.78699659E+00  2.68465435E+00 -1.48072554E-02  2.76178087E-01 
  37    --   --    ??   --  --   7.88848851E+00  2.42462335E+00 -1.26610043E-02  2.49809151E-01 
  38    --   --    ??   --  --   8.78691430E+00  2.68462854E+00 -1.48047421E-02  2.76172698E-01 
  39    --   --    ??   --  --   8.78691430E+00  2.68462854E+00 -1.48047421E-02  2.76172698E-01 
  40    --   --    ??   --  --   8.78691430E+00  2.68462854E+00 -1.48047421E-02  2.76172698E-01 
  41    --   --    ??   --  --   5.53791897E+00  1.73308125E+00 -7.00337759E-03  1.73957773E-01 
  42    --   --    ??   --  --   7.88881166E+00  2.42472760E+00 -1.26653484E-02  2.49826593E-01 
  43    --   --    ??   --  --   7.88870949E+00  2.42469773E+00 -1.26625535E-02  2.49820997E-01 
  44    --   --    ??   --  --   7.88870949E+00  2.42469773E+00 -1.26625535E-02  2.49820997E-01 
  45    --   --    ??   --  --   7.88857079E+00  2.42464915E+00 -1.26635175E-02  2.49814540E-01 
  46    --   --    ??   --  --   8.78691430E+00  2.68462854E+00 -1.48047421E-02  2.76172698E-01 
  47    --   --    ??   --  --   5.53825637E+00  1.73318719E+00 -7.00023945E-03  1.73963227E-01 
  48    --   --    ??   --  --   5.53825637E+00  1.73318719E+00 -7.00023945E-03  1.73963227E-01 
  49    --   --    ??   --  --   5.53819758E+00  1.73316752E+00 -6.99970110E-03  1.73960155E-01 
  50    --   --    ??   --  --   7.88836980E+00  2.42458939E+00 -1.26652423E-02  2.49813986E-01 
  51    --   --    ??   --  --   8.78677038E+00  2.68458950E+00 -1.48097666E-02  2.76177460E-01 
  52    --   --    ??   --  --   5.53833866E+00  1.73321300E+00 -7.00275269E-03  1.73968616E-01 
  53    --   --    ??   --  --   5.04302779E+00  1.59274494E+00 -6.06364227E-03  1.60314365E-01 
  54    --   --    ??   --  --   7.88836980E+00  2.42458939E+00 -1.26652423E-02  2.49813986E-01 
  55    --   --    ??   --  --   5.53833866E+00  1.73321300E+00 -7.00275269E-03  1.73968616E-01 
  56    --   --    ??   --  --   7.88870949E+00  2.42469773E+00 -1.26625535E-02  2.49820997E-01 
  57    --   --    ??   --  --   6.99038586E+00  2.16472241E+00 -1.05216105E-02  2.23463046E-01 
  58    --   --    ??   --  --   8.78691430E+00  2.68462854E+00 -1.48047421E-02  2.76172698E-01 
  59    --   --    ??   --  --   5.53833866E+00  1.73321300E+00 -7.00275269E-03  1.73968616E-01 
  60    --   --    ??   --  --   8.78691430E+00  2.68462854E+00 -1.48047421E-02  2.76172698E-01 
  61    --   --    ??   --  --   3.48376567E+00  1.14062657E+00 -2.11363714E-03  1.13327425E-01 
  62    --   --    ??   --  --   4.14434775E+00  1.33265765E+00 -3.92229514E-03  1.33948081E-01 
  63    --   --    ??   --  --   5.53833866E+00  1.73321300E+00 -7.00275269E-03  1.73968616E-01 
  64    --   --    ??   --  --   4.14434775E+00  1.33265765E+00 -3.92229514E-03  1.33948081E-01 
  65    --   --    ??   --  --   6.98996922E+00  2.16458928E+00 -1.05207179E-02  2.23450513E-01 
  66    --   --    ??   --  --   5.59700923E+00  1.76436767E+00 -7.44362766E-03  1.83465179E-01 
  67    --   --    ??   --  --   4.38197048E+00  1.40055738E+00 -4.25582583E-03  1.39679126E-01 
  68    --   --    ??   --  --   5.53819758E+00  1.73316752E+00 -6.99970110E-03  1.73960155E-01 
  69    --   --    ??   --  --   4.14434775E+00  1.33265765E+00 -3.92229514E-03  1.33948081E-01 
  70    --   --    ??   --  --   5.59687018E+00  1.76432354E+00 -7.44031140E-03  1.83457094E-01 
  71    --   --    ??   --  --   6.98996922E+00  2.16458928E+00 -1.05207179E-02  2.23450513E-01 
  72    --   --    ??   --  --   4.14482298E+00  1.33281413E+00 -3.92145357E-03  1.33962664E-01 
  73    --   --    ??   --  --   2.98855697E+00  1.00018838E+00 -1.17732164E-03  9.96787697E-02 
  74    --   --    ??   --  --   4.38175587E+00  1.40049237E+00 -4.25870843E-03  1.39679733E-01 
  75    --   --    ??   --  --   7.88881166E+00  2.42472760E+00 -1.26653484E-02  2.49826593E-01 
  76    --   --    ??   --  --   6.09209876E+00  1.90476579E+00 -8.37690858E-03  1.97105955E-01 
  77    --   --    ??   --  --   4.38197048E+00  1.40055738E+00 -4.25582583E-03  1.39679126E-01 
  78    --   --    ??   --  --   6.99028369E+00  2.16469254E+00 -1.05188156E-02  2.23457450E-01 
  79    --   --    ??   --  --   6.09220093E+00  1.90479566E+00 -8.37970351E-03  1.97111551E-01 
  80    --   --    ??   --  --   3.64951246E+00  1.19234162E+00 -2.98662348E-03  1.20310042E-01 
  81    --   --    ??   --  --   1.38072640E+00  4.15510127E-01 -4.05596950E-03  5.07639707E-02 
  82    --   --    ??   --  --   1.38046395E+00  4.15415217E-01 -4.05248002E-03  5.07466924E-02 
  83    --   --    ??   --  --   1.38072640E+00  4.15510127E-01 -4.05596950E-03  5.07639707E-02 
  84    --   --    ??   --  --   1.38072640E+00  4.15510127E-01 -4.05596950E-03  5.07639707E-02 
  85    --   --    ??   --  --   1.65826698E-01  5.17439638E-02 -8.71483930E-04  6.98600268E-03 
  86    --   --    ??   --  --   1.65821825E-01  5.17419076E-02 -8.71552965E-04  6.98560348E-03 
  87    --   --    ??   --  --   1.65826698E-01  5.17439638E-02 -8.71483930E-04  6.98600268E-03 
  88    --   --    ??   --  --   1.65826698E-01  5.17439638E-02 -8.71483930E-04  6.98600268E-03 
  89    --   --    ??   --  --   1.65821825E-01  5.17419076E-02 -8.71552965E-04  6.98560348E-03 
  90    --   --    ??   --  --   1.65826698E-01  5.17439638E-02 -8.71483930E-04  6.98600268E-03 
  91    --   --    ??   --  --   1.65821825E-01  5.17419076E-02 -8.71552965E-04  6.98560348E-03 
  92    --   --    ??   --  --   1.65826698E-01  5.17439638E-02 -8.71483930E-04  6.98600268E-03 
  93    --   --    ??   --  --   1.65828732E-01  5.17453153E-02 -8.71219258E-04  6.98637773E-03 
  94    --   --    ??   --  --   1.65828732E-01  5.17453153E-02 -8.71219258E-04  6.98637773E-03 
  95    --   --    ??   --  --   1.65826698E-01  5.17439638E-02 -8.71483930E-04  6.98600268E-03 
  96    --   --    ??   --  --   1.65828732E-01  5.17453153E-02 -8.71219258E-04  6.98637773E-03 
  97    --   --    ??   --  --   1.65826698E-01  5.17439638E-02 -8.71483930E-04  6.98600268E-03 
------------------------------------------------------------------------------------------------
  Sum                            1.16049400E+03  3.74396270E+02  5.49246368E-01  6.39448657E+01 

critic2:7> %% cpreport Naelfbasins.cml

* WRITE cml file: Naelfbasins.cml

critic2:8> 
CRITIC2 ended successfully (0 WARNINGS, 0 COMMENTS)

Elapsed wall time: 0s
Elapsed CPU time: 6s
CRITIC2--2025/9/12, 14:50:36.082
